<?xml version="1.0" encoding="UTF-8"?>
<testsuite name="com.crud.tasks.mapper.TaskMapperTestSuite" tests="3" skipped="0" failures="0" errors="0" timestamp="2020-08-10T16:07:59" hostname="BIUROPC" time="0.009">
  <properties/>
  <testcase name="mapToTaskDtoTest" classname="com.crud.tasks.mapper.TaskMapperTestSuite" time="0.003"/>
  <testcase name="mapToTaskTest" classname="com.crud.tasks.mapper.TaskMapperTestSuite" time="0.003"/>
  <testcase name="mapToTaskDtoListTest" classname="com.crud.tasks.mapper.TaskMapperTestSuite" time="0.003"/>
  <system-out><![CDATA[2020-08-10 18:07:55.617  INFO 1368 --- [    Test worker] .b.t.c.SpringBootTestContextBootstrapper : Neither @ContextConfiguration nor @ContextHierarchy found for test class [com.crud.tasks.mapper.TaskMapperTestSuite], using SpringBootContextLoader
2020-08-10 18:07:55.618  INFO 1368 --- [    Test worker] o.s.t.c.support.AbstractContextLoader    : Could not detect default resource locations for test class [com.crud.tasks.mapper.TaskMapperTestSuite]: no resource found for suffixes {-context.xml, Context.groovy}.
2020-08-10 18:07:55.618  INFO 1368 --- [    Test worker] t.c.s.AnnotationConfigContextLoaderUtils : Could not detect default configuration classes for test class [com.crud.tasks.mapper.TaskMapperTestSuite]: TaskMapperTestSuite does not declare any static, non-private, non-final, nested classes annotated with @Configuration.
2020-08-10 18:07:55.624  INFO 1368 --- [    Test worker] .b.t.c.SpringBootTestContextBootstrapper : Found @SpringBootConfiguration com.crud.tasks.TasksApplication for test class com.crud.tasks.mapper.TaskMapperTestSuite
2020-08-10 18:07:55.625  INFO 1368 --- [    Test worker] .b.t.c.SpringBootTestContextBootstrapper : Loaded default TestExecutionListener class names from location [META-INF/spring.factories]: [org.springframework.boot.test.autoconfigure.restdocs.RestDocsTestExecutionListener, org.springframework.boot.test.autoconfigure.web.client.MockRestServiceServerResetTestExecutionListener, org.springframework.boot.test.autoconfigure.web.servlet.MockMvcPrintOnlyOnFailureTestExecutionListener, org.springframework.boot.test.autoconfigure.web.servlet.WebDriverTestExecutionListener, org.springframework.boot.test.mock.mockito.MockitoTestExecutionListener, org.springframework.boot.test.mock.mockito.ResetMocksTestExecutionListener, org.springframework.test.context.web.ServletTestExecutionListener, org.springframework.test.context.support.DirtiesContextBeforeModesTestExecutionListener, org.springframework.test.context.support.DependencyInjectionTestExecutionListener, org.springframework.test.context.support.DirtiesContextTestExecutionListener, org.springframework.test.context.transaction.TransactionalTestExecutionListener, org.springframework.test.context.jdbc.SqlScriptsTestExecutionListener]
2020-08-10 18:07:55.626  INFO 1368 --- [    Test worker] .b.t.c.SpringBootTestContextBootstrapper : Using TestExecutionListeners: [org.springframework.test.context.web.ServletTestExecutionListener@75d9bf5a, org.springframework.test.context.support.DirtiesContextBeforeModesTestExecutionListener@2f46f5fc, org.springframework.boot.test.mock.mockito.MockitoTestExecutionListener@1ad28a5a, org.springframework.boot.test.autoconfigure.SpringBootDependencyInjectionTestExecutionListener@61c63be1, org.springframework.test.context.support.DirtiesContextTestExecutionListener@595d7bec, org.springframework.test.context.transaction.TransactionalTestExecutionListener@412c9c2e, org.springframework.test.context.jdbc.SqlScriptsTestExecutionListener@4fa24e0b, org.springframework.boot.test.autoconfigure.restdocs.RestDocsTestExecutionListener@1feb6d2d, org.springframework.boot.test.autoconfigure.web.client.MockRestServiceServerResetTestExecutionListener@2d5bf727, org.springframework.boot.test.autoconfigure.web.servlet.MockMvcPrintOnlyOnFailureTestExecutionListener@8b3d34e, org.springframework.boot.test.autoconfigure.web.servlet.WebDriverTestExecutionListener@553c1645, org.springframework.boot.test.mock.mockito.ResetMocksTestExecutionListener@11fa9bca]

  .   ____          _            __ _ _
 /\\ / ___'_ __ _ _(_)_ __  __ _ \ \ \ \
( ( )\___ | '_ | '_| | '_ \/ _` | \ \ \ \
 \\/  ___)| |_)| | | | | || (_| |  ) ) ) )
  '  |____| .__|_| |_|_| |_\__, | / / / /
 =========|_|==============|___/=/_/_/_/
 :: Spring Boot ::       (v2.1.14.RELEASE)

2020-08-10 18:07:55.645  INFO 1368 --- [    Test worker] c.crud.tasks.mapper.TaskMapperTestSuite  : Starting TaskMapperTestSuite on biuropc with PID 1368 (started by Biuro in C:\projekty\Task-Rest-API)
2020-08-10 18:07:55.645  INFO 1368 --- [    Test worker] c.crud.tasks.mapper.TaskMapperTestSuite  : No active profile set, falling back to default profiles: default
2020-08-10 18:07:56.185  INFO 1368 --- [    Test worker] .s.d.r.c.RepositoryConfigurationDelegate : Bootstrapping Spring Data JPA repositories in DEFAULT mode.
2020-08-10 18:07:56.236  INFO 1368 --- [    Test worker] .s.d.r.c.RepositoryConfigurationDelegate : Finished Spring Data repository scanning in 45ms. Found 1 JPA repository interfaces.
2020-08-10 18:07:56.732  INFO 1368 --- [    Test worker] o.hibernate.jpa.internal.util.LogHelper  : HHH000204: Processing PersistenceUnitInfo [
	name: default
	...]
2020-08-10 18:07:56.810  INFO 1368 --- [    Test worker] org.hibernate.Version                    : HHH000412: Hibernate Core {5.3.17.Final}
2020-08-10 18:07:56.811  INFO 1368 --- [    Test worker] org.hibernate.cfg.Environment            : HHH000206: hibernate.properties not found
2020-08-10 18:07:56.869  INFO 1368 --- [    Test worker] o.hibernate.annotations.common.Version   : HCANN000001: Hibernate Commons Annotations {5.0.4.Final}
2020-08-10 18:07:57.113  INFO 1368 --- [    Test worker] com.zaxxer.hikari.HikariDataSource       : HikariPool-1 - Starting...
2020-08-10 18:07:57.270  INFO 1368 --- [    Test worker] com.zaxxer.hikari.HikariDataSource       : HikariPool-1 - Start completed.
2020-08-10 18:07:57.284  INFO 1368 --- [    Test worker] org.hibernate.dialect.Dialect            : HHH000400: Using dialect: org.hibernate.dialect.MySQL5Dialect
2020-08-10 18:07:57.775  INFO 1368 --- [    Test worker] j.LocalContainerEntityManagerFactoryBean : Initialized JPA EntityManagerFactory for persistence unit 'default'
2020-08-10 18:07:58.391  WARN 1368 --- [    Test worker] aWebConfiguration$JpaWebMvcConfiguration : spring.jpa.open-in-view is enabled by default. Therefore, database queries may be performed during view rendering. Explicitly configure spring.jpa.open-in-view to disable this warning
2020-08-10 18:07:58.771  INFO 1368 --- [    Test worker] o.s.b.a.e.web.EndpointLinksResolver      : Exposing 15 endpoint(s) beneath base path '/actuator'
2020-08-10 18:07:58.891  INFO 1368 --- [    Test worker] pertySourcedRequestMappingHandlerMapping : Mapped URL path [/v2/api-docs] onto method [public org.springframework.http.ResponseEntity<springfox.documentation.spring.web.json.Json> springfox.documentation.swagger2.web.Swagger2Controller.getDocumentation(java.lang.String,javax.servlet.http.HttpServletRequest)]
2020-08-10 18:07:59.177  INFO 1368 --- [    Test worker] o.s.s.concurrent.ThreadPoolTaskExecutor  : Initializing ExecutorService 'applicationTaskExecutor'
2020-08-10 18:07:59.478  INFO 1368 --- [    Test worker] o.s.s.c.ThreadPoolTaskScheduler          : Initializing ExecutorService 'taskScheduler'
2020-08-10 18:07:59.540  INFO 1368 --- [    Test worker] d.s.w.p.DocumentationPluginsBootstrapper : Context refreshed
2020-08-10 18:07:59.541  INFO 1368 --- [    Test worker] d.s.w.p.DocumentationPluginsBootstrapper : Found 1 custom documentation plugin(s)
2020-08-10 18:07:59.551  INFO 1368 --- [    Test worker] s.d.s.w.s.ApiListingReferenceScanner     : Scanning for api listing references
2020-08-10 18:07:59.595  INFO 1368 --- [    Test worker] c.crud.tasks.mapper.TaskMapperTestSuite  : Started TaskMapperTestSuite in 3.967 seconds (JVM running for 9.366)
]]></system-out>
  <system-err><![CDATA[]]></system-err>
</testsuite>
