<?xml version="1.0" encoding="UTF-8"?>
<testsuite name="com.crud.tasks.trello.validator.TrelloValidatorTest" tests="1" skipped="0" failures="0" errors="0" timestamp="2020-08-06T19:54:14" hostname="BIUROPC" time="0.003">
  <properties/>
  <testcase name="validateTrelloBoardTestSuite" classname="com.crud.tasks.trello.validator.TrelloValidatorTest" time="0.003"/>
  <system-out><![CDATA[2020-08-06 21:54:14.826  INFO 10288 --- [    Test worker] .b.t.c.SpringBootTestContextBootstrapper : Neither @ContextConfiguration nor @ContextHierarchy found for test class [com.crud.tasks.trello.validator.TrelloValidatorTest], using SpringBootContextLoader
2020-08-06 21:54:14.827  INFO 10288 --- [    Test worker] o.s.t.c.support.AbstractContextLoader    : Could not detect default resource locations for test class [com.crud.tasks.trello.validator.TrelloValidatorTest]: no resource found for suffixes {-context.xml, Context.groovy}.
2020-08-06 21:54:14.827  INFO 10288 --- [    Test worker] t.c.s.AnnotationConfigContextLoaderUtils : Could not detect default configuration classes for test class [com.crud.tasks.trello.validator.TrelloValidatorTest]: TrelloValidatorTest does not declare any static, non-private, non-final, nested classes annotated with @Configuration.
2020-08-06 21:54:14.833  INFO 10288 --- [    Test worker] .b.t.c.SpringBootTestContextBootstrapper : Found @SpringBootConfiguration com.crud.tasks.TasksApplication for test class com.crud.tasks.trello.validator.TrelloValidatorTest
2020-08-06 21:54:14.834  INFO 10288 --- [    Test worker] .b.t.c.SpringBootTestContextBootstrapper : Loaded default TestExecutionListener class names from location [META-INF/spring.factories]: [org.springframework.boot.test.autoconfigure.restdocs.RestDocsTestExecutionListener, org.springframework.boot.test.autoconfigure.web.client.MockRestServiceServerResetTestExecutionListener, org.springframework.boot.test.autoconfigure.web.servlet.MockMvcPrintOnlyOnFailureTestExecutionListener, org.springframework.boot.test.autoconfigure.web.servlet.WebDriverTestExecutionListener, org.springframework.boot.test.mock.mockito.MockitoTestExecutionListener, org.springframework.boot.test.mock.mockito.ResetMocksTestExecutionListener, org.springframework.test.context.web.ServletTestExecutionListener, org.springframework.test.context.support.DirtiesContextBeforeModesTestExecutionListener, org.springframework.test.context.support.DependencyInjectionTestExecutionListener, org.springframework.test.context.support.DirtiesContextTestExecutionListener, org.springframework.test.context.transaction.TransactionalTestExecutionListener, org.springframework.test.context.jdbc.SqlScriptsTestExecutionListener]
2020-08-06 21:54:14.834  INFO 10288 --- [    Test worker] .b.t.c.SpringBootTestContextBootstrapper : Using TestExecutionListeners: [org.springframework.test.context.web.ServletTestExecutionListener@b0141a5, org.springframework.test.context.support.DirtiesContextBeforeModesTestExecutionListener@214a8542, org.springframework.boot.test.mock.mockito.MockitoTestExecutionListener@35d30c52, org.springframework.boot.test.autoconfigure.SpringBootDependencyInjectionTestExecutionListener@2b5b391e, org.springframework.test.context.support.DirtiesContextTestExecutionListener@2a5649b9, org.springframework.test.context.transaction.TransactionalTestExecutionListener@5fc3a924, org.springframework.test.context.jdbc.SqlScriptsTestExecutionListener@725f8f12, org.springframework.boot.test.autoconfigure.restdocs.RestDocsTestExecutionListener@bedb8e, org.springframework.boot.test.autoconfigure.web.client.MockRestServiceServerResetTestExecutionListener@18bd41a1, org.springframework.boot.test.autoconfigure.web.servlet.MockMvcPrintOnlyOnFailureTestExecutionListener@5a75411b, org.springframework.boot.test.autoconfigure.web.servlet.WebDriverTestExecutionListener@54dc7258, org.springframework.boot.test.mock.mockito.ResetMocksTestExecutionListener@2248a1e6]
2020-08-06 21:54:14.838  INFO 10288 --- [    Test worker] c.c.t.trello.validator.TrelloValidator   : Starting filtering boards...
2020-08-06 21:54:14.838  INFO 10288 --- [    Test worker] c.c.t.trello.validator.TrelloValidator   : Boards have been filtered. Current list size: 1
]]></system-out>
  <system-err><![CDATA[]]></system-err>
</testsuite>
