<?xml version="1.0" encoding="UTF-8"?>
<testsuite name="com.crud.tasks.mapper.TaskMapperTestSuite" tests="3" skipped="0" failures="0" errors="0" timestamp="2020-08-06T17:39:27" hostname="BIUROPC" time="0.007">
  <properties/>
  <testcase name="mapToTaskDtoTest" classname="com.crud.tasks.mapper.TaskMapperTestSuite" time="0.002"/>
  <testcase name="mapToTaskTest" classname="com.crud.tasks.mapper.TaskMapperTestSuite" time="0.002"/>
  <testcase name="mapToTaskDtoListTest" classname="com.crud.tasks.mapper.TaskMapperTestSuite" time="0.002"/>
  <system-out><![CDATA[2020-08-06 19:39:27.341  INFO 14848 --- [    Test worker] .b.t.c.SpringBootTestContextBootstrapper : Neither @ContextConfiguration nor @ContextHierarchy found for test class [com.crud.tasks.mapper.TaskMapperTestSuite], using SpringBootContextLoader
2020-08-06 19:39:27.342  INFO 14848 --- [    Test worker] o.s.t.c.support.AbstractContextLoader    : Could not detect default resource locations for test class [com.crud.tasks.mapper.TaskMapperTestSuite]: no resource found for suffixes {-context.xml, Context.groovy}.
2020-08-06 19:39:27.342  INFO 14848 --- [    Test worker] t.c.s.AnnotationConfigContextLoaderUtils : Could not detect default configuration classes for test class [com.crud.tasks.mapper.TaskMapperTestSuite]: TaskMapperTestSuite does not declare any static, non-private, non-final, nested classes annotated with @Configuration.
2020-08-06 19:39:27.347  INFO 14848 --- [    Test worker] .b.t.c.SpringBootTestContextBootstrapper : Found @SpringBootConfiguration com.crud.tasks.TasksApplication for test class com.crud.tasks.mapper.TaskMapperTestSuite
2020-08-06 19:39:27.348  INFO 14848 --- [    Test worker] .b.t.c.SpringBootTestContextBootstrapper : Loaded default TestExecutionListener class names from location [META-INF/spring.factories]: [org.springframework.boot.test.autoconfigure.restdocs.RestDocsTestExecutionListener, org.springframework.boot.test.autoconfigure.web.client.MockRestServiceServerResetTestExecutionListener, org.springframework.boot.test.autoconfigure.web.servlet.MockMvcPrintOnlyOnFailureTestExecutionListener, org.springframework.boot.test.autoconfigure.web.servlet.WebDriverTestExecutionListener, org.springframework.boot.test.mock.mockito.MockitoTestExecutionListener, org.springframework.boot.test.mock.mockito.ResetMocksTestExecutionListener, org.springframework.test.context.web.ServletTestExecutionListener, org.springframework.test.context.support.DirtiesContextBeforeModesTestExecutionListener, org.springframework.test.context.support.DependencyInjectionTestExecutionListener, org.springframework.test.context.support.DirtiesContextTestExecutionListener, org.springframework.test.context.transaction.TransactionalTestExecutionListener, org.springframework.test.context.jdbc.SqlScriptsTestExecutionListener]
2020-08-06 19:39:27.349  INFO 14848 --- [    Test worker] .b.t.c.SpringBootTestContextBootstrapper : Using TestExecutionListeners: [org.springframework.test.context.web.ServletTestExecutionListener@70d65dbc, org.springframework.test.context.support.DirtiesContextBeforeModesTestExecutionListener@5e05f7c3, org.springframework.boot.test.mock.mockito.MockitoTestExecutionListener@64e25333, org.springframework.boot.test.autoconfigure.SpringBootDependencyInjectionTestExecutionListener@2cef3e2d, org.springframework.test.context.support.DirtiesContextTestExecutionListener@6e96adb1, org.springframework.test.context.transaction.TransactionalTestExecutionListener@1f5ce44f, org.springframework.test.context.jdbc.SqlScriptsTestExecutionListener@69d1475c, org.springframework.boot.test.autoconfigure.restdocs.RestDocsTestExecutionListener@3c1a021d, org.springframework.boot.test.autoconfigure.web.client.MockRestServiceServerResetTestExecutionListener@67bacb0a, org.springframework.boot.test.autoconfigure.web.servlet.MockMvcPrintOnlyOnFailureTestExecutionListener@1fbc352e, org.springframework.boot.test.autoconfigure.web.servlet.WebDriverTestExecutionListener@7cb46a22, org.springframework.boot.test.mock.mockito.ResetMocksTestExecutionListener@10d28543]
]]></system-out>
  <system-err><![CDATA[]]></system-err>
</testsuite>
