<?xml version="1.0" encoding="UTF-8"?>
<testsuite name="com.crud.tasks.controller.TrelloControllerTest" tests="3" skipped="0" failures="0" errors="0" timestamp="2020-08-10T16:07:55" hostname="BIUROPC" time="0.019">
  <properties/>
  <testcase name="shouldFetchTrelloBoards" classname="com.crud.tasks.controller.TrelloControllerTest" time="0.007"/>
  <testcase name="shouldFetchEmptyTrelloBoards" classname="com.crud.tasks.controller.TrelloControllerTest" time="0.003"/>
  <testcase name="shouldCreateTrelloCard" classname="com.crud.tasks.controller.TrelloControllerTest" time="0.007"/>
  <system-out><![CDATA[2020-08-10 18:07:54.679  INFO 1368 --- [    Test worker] .b.t.a.w.s.WebMvcTestContextBootstrapper : Neither @ContextConfiguration nor @ContextHierarchy found for test class [com.crud.tasks.controller.TrelloControllerTest], using SpringBootContextLoader
2020-08-10 18:07:54.679  INFO 1368 --- [    Test worker] o.s.t.c.support.AbstractContextLoader    : Could not detect default resource locations for test class [com.crud.tasks.controller.TrelloControllerTest]: no resource found for suffixes {-context.xml, Context.groovy}.
2020-08-10 18:07:54.680  INFO 1368 --- [    Test worker] t.c.s.AnnotationConfigContextLoaderUtils : Could not detect default configuration classes for test class [com.crud.tasks.controller.TrelloControllerTest]: TrelloControllerTest does not declare any static, non-private, non-final, nested classes annotated with @Configuration.
2020-08-10 18:07:54.685  INFO 1368 --- [    Test worker] .b.t.c.SpringBootTestContextBootstrapper : Found @SpringBootConfiguration com.crud.tasks.TasksApplication for test class com.crud.tasks.controller.TrelloControllerTest
2020-08-10 18:07:54.685  INFO 1368 --- [    Test worker] .b.t.a.w.s.WebMvcTestContextBootstrapper : Loaded default TestExecutionListener class names from location [META-INF/spring.factories]: [org.springframework.boot.test.autoconfigure.restdocs.RestDocsTestExecutionListener, org.springframework.boot.test.autoconfigure.web.client.MockRestServiceServerResetTestExecutionListener, org.springframework.boot.test.autoconfigure.web.servlet.MockMvcPrintOnlyOnFailureTestExecutionListener, org.springframework.boot.test.autoconfigure.web.servlet.WebDriverTestExecutionListener, org.springframework.boot.test.mock.mockito.MockitoTestExecutionListener, org.springframework.boot.test.mock.mockito.ResetMocksTestExecutionListener, org.springframework.test.context.web.ServletTestExecutionListener, org.springframework.test.context.support.DirtiesContextBeforeModesTestExecutionListener, org.springframework.test.context.support.DependencyInjectionTestExecutionListener, org.springframework.test.context.support.DirtiesContextTestExecutionListener, org.springframework.test.context.transaction.TransactionalTestExecutionListener, org.springframework.test.context.jdbc.SqlScriptsTestExecutionListener]
2020-08-10 18:07:54.686  INFO 1368 --- [    Test worker] .b.t.a.w.s.WebMvcTestContextBootstrapper : Using TestExecutionListeners: [org.springframework.test.context.web.ServletTestExecutionListener@477ddfe9, org.springframework.test.context.support.DirtiesContextBeforeModesTestExecutionListener@82da0a4, org.springframework.boot.test.mock.mockito.MockitoTestExecutionListener@4f33c3fe, org.springframework.boot.test.autoconfigure.SpringBootDependencyInjectionTestExecutionListener@2370b842, org.springframework.test.context.support.DirtiesContextTestExecutionListener@a5ba952, org.springframework.test.context.transaction.TransactionalTestExecutionListener@6f16103d, org.springframework.test.context.jdbc.SqlScriptsTestExecutionListener@3eeb1212, org.springframework.boot.test.autoconfigure.restdocs.RestDocsTestExecutionListener@18ff0f25, org.springframework.boot.test.autoconfigure.web.client.MockRestServiceServerResetTestExecutionListener@4fb93451, org.springframework.boot.test.autoconfigure.web.servlet.MockMvcPrintOnlyOnFailureTestExecutionListener@10714263, org.springframework.boot.test.autoconfigure.web.servlet.WebDriverTestExecutionListener@766ca9fd, org.springframework.boot.test.mock.mockito.ResetMocksTestExecutionListener@168a1632]

  .   ____          _            __ _ _
 /\\ / ___'_ __ _ _(_)_ __  __ _ \ \ \ \
( ( )\___ | '_ | '_| | '_ \/ _` | \ \ \ \
 \\/  ___)| |_)| | | | | || (_| |  ) ) ) )
  '  |____| .__|_| |_|_| |_\__, | / / / /
 =========|_|==============|___/=/_/_/_/
 :: Spring Boot ::       (v2.1.14.RELEASE)

2020-08-10 18:07:54.712  INFO 1368 --- [    Test worker] c.c.t.controller.TrelloControllerTest    : Starting TrelloControllerTest on biuropc with PID 1368 (started by Biuro in C:\projekty\Task-Rest-API)
2020-08-10 18:07:54.714  INFO 1368 --- [    Test worker] c.c.t.controller.TrelloControllerTest    : No active profile set, falling back to default profiles: default
2020-08-10 18:07:55.317  INFO 1368 --- [    Test worker] pertySourcedRequestMappingHandlerMapping : Mapped URL path [/v2/api-docs] onto method [public org.springframework.http.ResponseEntity<springfox.documentation.spring.web.json.Json> springfox.documentation.swagger2.web.Swagger2Controller.getDocumentation(java.lang.String,javax.servlet.http.HttpServletRequest)]
2020-08-10 18:07:55.461  INFO 1368 --- [    Test worker] o.s.s.concurrent.ThreadPoolTaskExecutor  : Initializing ExecutorService 'applicationTaskExecutor'
2020-08-10 18:07:55.547  INFO 1368 --- [    Test worker] o.s.b.t.m.w.SpringBootMockServletContext : Initializing Spring TestDispatcherServlet ''
2020-08-10 18:07:55.548  INFO 1368 --- [    Test worker] o.s.t.web.servlet.TestDispatcherServlet  : Initializing Servlet ''
2020-08-10 18:07:55.554  INFO 1368 --- [    Test worker] o.s.t.web.servlet.TestDispatcherServlet  : Completed initialization in 6 ms
2020-08-10 18:07:55.567  INFO 1368 --- [    Test worker] d.s.w.p.DocumentationPluginsBootstrapper : Context refreshed
2020-08-10 18:07:55.568  INFO 1368 --- [    Test worker] d.s.w.p.DocumentationPluginsBootstrapper : Found 1 custom documentation plugin(s)
2020-08-10 18:07:55.573  INFO 1368 --- [    Test worker] s.d.s.w.s.ApiListingReferenceScanner     : Scanning for api listing references
2020-08-10 18:07:55.593  INFO 1368 --- [    Test worker] c.c.t.controller.TrelloControllerTest    : Started TrelloControllerTest in 0.904 seconds (JVM running for 5.365)
]]></system-out>
  <system-err><![CDATA[]]></system-err>
</testsuite>
