<?xml version="1.0" encoding="UTF-8"?>
<testsuite name="com.crud.tasks.mapper.TaskMapperTestSuite" tests="3" skipped="0" failures="0" errors="0" timestamp="2020-08-06T19:54:14" hostname="BIUROPC" time="0.009">
  <properties/>
  <testcase name="mapToTaskDtoTest" classname="com.crud.tasks.mapper.TaskMapperTestSuite" time="0.002"/>
  <testcase name="mapToTaskTest" classname="com.crud.tasks.mapper.TaskMapperTestSuite" time="0.002"/>
  <testcase name="mapToTaskDtoListTest" classname="com.crud.tasks.mapper.TaskMapperTestSuite" time="0.003"/>
  <system-out><![CDATA[2020-08-06 21:54:14.340  INFO 10288 --- [    Test worker] .b.t.c.SpringBootTestContextBootstrapper : Neither @ContextConfiguration nor @ContextHierarchy found for test class [com.crud.tasks.mapper.TaskMapperTestSuite], using SpringBootContextLoader
2020-08-06 21:54:14.341  INFO 10288 --- [    Test worker] o.s.t.c.support.AbstractContextLoader    : Could not detect default resource locations for test class [com.crud.tasks.mapper.TaskMapperTestSuite]: no resource found for suffixes {-context.xml, Context.groovy}.
2020-08-06 21:54:14.341  INFO 10288 --- [    Test worker] t.c.s.AnnotationConfigContextLoaderUtils : Could not detect default configuration classes for test class [com.crud.tasks.mapper.TaskMapperTestSuite]: TaskMapperTestSuite does not declare any static, non-private, non-final, nested classes annotated with @Configuration.
2020-08-06 21:54:14.346  INFO 10288 --- [    Test worker] .b.t.c.SpringBootTestContextBootstrapper : Found @SpringBootConfiguration com.crud.tasks.TasksApplication for test class com.crud.tasks.mapper.TaskMapperTestSuite
2020-08-06 21:54:14.347  INFO 10288 --- [    Test worker] .b.t.c.SpringBootTestContextBootstrapper : Loaded default TestExecutionListener class names from location [META-INF/spring.factories]: [org.springframework.boot.test.autoconfigure.restdocs.RestDocsTestExecutionListener, org.springframework.boot.test.autoconfigure.web.client.MockRestServiceServerResetTestExecutionListener, org.springframework.boot.test.autoconfigure.web.servlet.MockMvcPrintOnlyOnFailureTestExecutionListener, org.springframework.boot.test.autoconfigure.web.servlet.WebDriverTestExecutionListener, org.springframework.boot.test.mock.mockito.MockitoTestExecutionListener, org.springframework.boot.test.mock.mockito.ResetMocksTestExecutionListener, org.springframework.test.context.web.ServletTestExecutionListener, org.springframework.test.context.support.DirtiesContextBeforeModesTestExecutionListener, org.springframework.test.context.support.DependencyInjectionTestExecutionListener, org.springframework.test.context.support.DirtiesContextTestExecutionListener, org.springframework.test.context.transaction.TransactionalTestExecutionListener, org.springframework.test.context.jdbc.SqlScriptsTestExecutionListener]
2020-08-06 21:54:14.348  INFO 10288 --- [    Test worker] .b.t.c.SpringBootTestContextBootstrapper : Using TestExecutionListeners: [org.springframework.test.context.web.ServletTestExecutionListener@33135b27, org.springframework.test.context.support.DirtiesContextBeforeModesTestExecutionListener@60c08be6, org.springframework.boot.test.mock.mockito.MockitoTestExecutionListener@662bb486, org.springframework.boot.test.autoconfigure.SpringBootDependencyInjectionTestExecutionListener@6bd08484, org.springframework.test.context.support.DirtiesContextTestExecutionListener@42b330ba, org.springframework.test.context.transaction.TransactionalTestExecutionListener@26481cb1, org.springframework.test.context.jdbc.SqlScriptsTestExecutionListener@1d7c137a, org.springframework.boot.test.autoconfigure.restdocs.RestDocsTestExecutionListener@72e750f5, org.springframework.boot.test.autoconfigure.web.client.MockRestServiceServerResetTestExecutionListener@290a98f3, org.springframework.boot.test.autoconfigure.web.servlet.MockMvcPrintOnlyOnFailureTestExecutionListener@4fc1a4f7, org.springframework.boot.test.autoconfigure.web.servlet.WebDriverTestExecutionListener@325b89b6, org.springframework.boot.test.mock.mockito.ResetMocksTestExecutionListener@7af317f0]
]]></system-out>
  <system-err><![CDATA[]]></system-err>
</testsuite>
