<?xml version="1.0" encoding="UTF-8"?>
<testsuite name="com.crud.tasks.trello.client.TrelloClientTest" tests="3" skipped="0" failures="0" errors="0" timestamp="2020-08-06T19:54:14" hostname="BIUROPC" time="0.009">
  <properties/>
  <testcase name="shouldReturnEmptyList" classname="com.crud.tasks.trello.client.TrelloClientTest" time="0.005"/>
  <testcase name="shouldFetchTrelloBoards" classname="com.crud.tasks.trello.client.TrelloClientTest" time="0.001"/>
  <testcase name="shouldCreateCard" classname="com.crud.tasks.trello.client.TrelloClientTest" time="0.001"/>
  <system-out><![CDATA[http://test.com/members/kamilkowalczyk27/boards?key=test&token=test&fields=name,id&lists=all
http://test.com/members/kamilkowalczyk27/boards?key=test&token=test&fields=name,id&lists=all
http://test.com/members/kamilkowalczyk27/boards?key=test&token=test&fields=name,id&lists=all
http://test.com/cards?key=test&token=test&name=Test%20task&desc=Test%20Description&pos=top&idList=test_id
]]></system-out>
  <system-err><![CDATA[]]></system-err>
</testsuite>
