<?xml version="1.0" encoding="UTF-8"?>
<testsuite name="com.crud.tasks.trello.validator.TrelloValidatorTest" tests="1" skipped="0" failures="0" errors="0" timestamp="2020-08-10T16:07:59" hostname="BIUROPC" time="0.003">
  <properties/>
  <testcase name="validateTrelloBoardTestSuite" classname="com.crud.tasks.trello.validator.TrelloValidatorTest" time="0.003"/>
  <system-out><![CDATA[2020-08-10 18:07:59.961  INFO 1368 --- [    Test worker] .b.t.c.SpringBootTestContextBootstrapper : Neither @ContextConfiguration nor @ContextHierarchy found for test class [com.crud.tasks.trello.validator.TrelloValidatorTest], using SpringBootContextLoader
2020-08-10 18:07:59.961  INFO 1368 --- [    Test worker] o.s.t.c.support.AbstractContextLoader    : Could not detect default resource locations for test class [com.crud.tasks.trello.validator.TrelloValidatorTest]: no resource found for suffixes {-context.xml, Context.groovy}.
2020-08-10 18:07:59.961  INFO 1368 --- [    Test worker] t.c.s.AnnotationConfigContextLoaderUtils : Could not detect default configuration classes for test class [com.crud.tasks.trello.validator.TrelloValidatorTest]: TrelloValidatorTest does not declare any static, non-private, non-final, nested classes annotated with @Configuration.
2020-08-10 18:07:59.967  INFO 1368 --- [    Test worker] .b.t.c.SpringBootTestContextBootstrapper : Found @SpringBootConfiguration com.crud.tasks.TasksApplication for test class com.crud.tasks.trello.validator.TrelloValidatorTest
2020-08-10 18:07:59.968  INFO 1368 --- [    Test worker] .b.t.c.SpringBootTestContextBootstrapper : Loaded default TestExecutionListener class names from location [META-INF/spring.factories]: [org.springframework.boot.test.autoconfigure.restdocs.RestDocsTestExecutionListener, org.springframework.boot.test.autoconfigure.web.client.MockRestServiceServerResetTestExecutionListener, org.springframework.boot.test.autoconfigure.web.servlet.MockMvcPrintOnlyOnFailureTestExecutionListener, org.springframework.boot.test.autoconfigure.web.servlet.WebDriverTestExecutionListener, org.springframework.boot.test.mock.mockito.MockitoTestExecutionListener, org.springframework.boot.test.mock.mockito.ResetMocksTestExecutionListener, org.springframework.test.context.web.ServletTestExecutionListener, org.springframework.test.context.support.DirtiesContextBeforeModesTestExecutionListener, org.springframework.test.context.support.DependencyInjectionTestExecutionListener, org.springframework.test.context.support.DirtiesContextTestExecutionListener, org.springframework.test.context.transaction.TransactionalTestExecutionListener, org.springframework.test.context.jdbc.SqlScriptsTestExecutionListener]
2020-08-10 18:07:59.969  INFO 1368 --- [    Test worker] .b.t.c.SpringBootTestContextBootstrapper : Using TestExecutionListeners: [org.springframework.test.context.web.ServletTestExecutionListener@480af49d, org.springframework.test.context.support.DirtiesContextBeforeModesTestExecutionListener@3887d0d7, org.springframework.boot.test.mock.mockito.MockitoTestExecutionListener@78bcb466, org.springframework.boot.test.autoconfigure.SpringBootDependencyInjectionTestExecutionListener@943fb01, org.springframework.test.context.support.DirtiesContextTestExecutionListener@16f248a8, org.springframework.test.context.transaction.TransactionalTestExecutionListener@10f523c9, org.springframework.test.context.jdbc.SqlScriptsTestExecutionListener@df7ba35, org.springframework.boot.test.autoconfigure.restdocs.RestDocsTestExecutionListener@1b7ad379, org.springframework.boot.test.autoconfigure.web.client.MockRestServiceServerResetTestExecutionListener@1f496fb6, org.springframework.boot.test.autoconfigure.web.servlet.MockMvcPrintOnlyOnFailureTestExecutionListener@261bfcfd, org.springframework.boot.test.autoconfigure.web.servlet.WebDriverTestExecutionListener@168dcc19, org.springframework.boot.test.mock.mockito.ResetMocksTestExecutionListener@5ba124aa]
2020-08-10 18:07:59.972  INFO 1368 --- [    Test worker] c.c.t.trello.validator.TrelloValidator   : Starting filtering boards...
2020-08-10 18:07:59.972  INFO 1368 --- [    Test worker] c.c.t.trello.validator.TrelloValidator   : Boards have been filtered. Current list size: 1
]]></system-out>
  <system-err><![CDATA[]]></system-err>
</testsuite>
