<?xml version="1.0" encoding="UTF-8"?>
<testsuite name="com.crud.tasks.domain.TrelloBoardDtoTest" tests="1" skipped="0" failures="0" errors="0" timestamp="2020-08-06T19:54:14" hostname="BIUROPC" time="0.038">
  <properties/>
  <testcase name="createTrelloBoardDtoTest" classname="com.crud.tasks.domain.TrelloBoardDtoTest" time="0.038"/>
  <system-out><![CDATA[21:54:08.774 [Test worker] DEBUG org.springframework.test.context.junit4.SpringJUnit4ClassRunner - SpringJUnit4ClassRunner constructor called with [class com.crud.tasks.domain.TrelloBoardDtoTest]
21:54:08.782 [Test worker] DEBUG org.springframework.test.context.BootstrapUtils - Instantiating CacheAwareContextLoaderDelegate from class [org.springframework.test.context.cache.DefaultCacheAwareContextLoaderDelegate]
21:54:08.795 [Test worker] DEBUG org.springframework.test.context.BootstrapUtils - Instantiating BootstrapContext using constructor [public org.springframework.test.context.support.DefaultBootstrapContext(java.lang.Class,org.springframework.test.context.CacheAwareContextLoaderDelegate)]
21:54:08.818 [Test worker] DEBUG org.springframework.test.context.BootstrapUtils - Instantiating TestContextBootstrapper for test class [com.crud.tasks.domain.TrelloBoardDtoTest] from class [org.springframework.boot.test.context.SpringBootTestContextBootstrapper]
21:54:08.833 [Test worker] INFO org.springframework.boot.test.context.SpringBootTestContextBootstrapper - Neither @ContextConfiguration nor @ContextHierarchy found for test class [com.crud.tasks.domain.TrelloBoardDtoTest], using SpringBootContextLoader
21:54:08.837 [Test worker] DEBUG org.springframework.test.context.support.AbstractContextLoader - Did not detect default resource location for test class [com.crud.tasks.domain.TrelloBoardDtoTest]: class path resource [com/crud/tasks/domain/TrelloBoardDtoTest-context.xml] does not exist
21:54:08.838 [Test worker] DEBUG org.springframework.test.context.support.AbstractContextLoader - Did not detect default resource location for test class [com.crud.tasks.domain.TrelloBoardDtoTest]: class path resource [com/crud/tasks/domain/TrelloBoardDtoTestContext.groovy] does not exist
21:54:08.838 [Test worker] INFO org.springframework.test.context.support.AbstractContextLoader - Could not detect default resource locations for test class [com.crud.tasks.domain.TrelloBoardDtoTest]: no resource found for suffixes {-context.xml, Context.groovy}.
21:54:08.839 [Test worker] INFO org.springframework.test.context.support.AnnotationConfigContextLoaderUtils - Could not detect default configuration classes for test class [com.crud.tasks.domain.TrelloBoardDtoTest]: TrelloBoardDtoTest does not declare any static, non-private, non-final, nested classes annotated with @Configuration.
21:54:08.891 [Test worker] DEBUG org.springframework.test.context.support.ActiveProfilesUtils - Could not find an 'annotation declaring class' for annotation type [org.springframework.test.context.ActiveProfiles] and class [com.crud.tasks.domain.TrelloBoardDtoTest]
21:54:08.985 [Test worker] DEBUG org.springframework.context.annotation.ClassPathScanningCandidateComponentProvider - Identified candidate component class: file [C:\projekty\Task-Rest-API\build\classes\java\main\com\crud\tasks\TasksApplication.class]
21:54:08.986 [Test worker] INFO org.springframework.boot.test.context.SpringBootTestContextBootstrapper - Found @SpringBootConfiguration com.crud.tasks.TasksApplication for test class com.crud.tasks.domain.TrelloBoardDtoTest
21:54:09.112 [Test worker] DEBUG org.springframework.boot.test.context.SpringBootTestContextBootstrapper - @TestExecutionListeners is not present for class [com.crud.tasks.domain.TrelloBoardDtoTest]: using defaults.
21:54:09.112 [Test worker] INFO org.springframework.boot.test.context.SpringBootTestContextBootstrapper - Loaded default TestExecutionListener class names from location [META-INF/spring.factories]: [org.springframework.boot.test.autoconfigure.restdocs.RestDocsTestExecutionListener, org.springframework.boot.test.autoconfigure.web.client.MockRestServiceServerResetTestExecutionListener, org.springframework.boot.test.autoconfigure.web.servlet.MockMvcPrintOnlyOnFailureTestExecutionListener, org.springframework.boot.test.autoconfigure.web.servlet.WebDriverTestExecutionListener, org.springframework.boot.test.mock.mockito.MockitoTestExecutionListener, org.springframework.boot.test.mock.mockito.ResetMocksTestExecutionListener, org.springframework.test.context.web.ServletTestExecutionListener, org.springframework.test.context.support.DirtiesContextBeforeModesTestExecutionListener, org.springframework.test.context.support.DependencyInjectionTestExecutionListener, org.springframework.test.context.support.DirtiesContextTestExecutionListener, org.springframework.test.context.transaction.TransactionalTestExecutionListener, org.springframework.test.context.jdbc.SqlScriptsTestExecutionListener]
21:54:09.135 [Test worker] INFO org.springframework.boot.test.context.SpringBootTestContextBootstrapper - Using TestExecutionListeners: [org.springframework.test.context.web.ServletTestExecutionListener@7596f8c3, org.springframework.test.context.support.DirtiesContextBeforeModesTestExecutionListener@a813f27, org.springframework.boot.test.mock.mockito.MockitoTestExecutionListener@2de630af, org.springframework.boot.test.autoconfigure.SpringBootDependencyInjectionTestExecutionListener@6056b89, org.springframework.test.context.support.DirtiesContextTestExecutionListener@4417cb6a, org.springframework.test.context.transaction.TransactionalTestExecutionListener@47ecacc8, org.springframework.test.context.jdbc.SqlScriptsTestExecutionListener@5b938fd2, org.springframework.boot.test.autoconfigure.restdocs.RestDocsTestExecutionListener@7667fe0a, org.springframework.boot.test.autoconfigure.web.client.MockRestServiceServerResetTestExecutionListener@c513737, org.springframework.boot.test.autoconfigure.web.servlet.MockMvcPrintOnlyOnFailureTestExecutionListener@2ef94099, org.springframework.boot.test.autoconfigure.web.servlet.WebDriverTestExecutionListener@69d3a78b, org.springframework.boot.test.mock.mockito.ResetMocksTestExecutionListener@208d9315]
21:54:09.139 [Test worker] DEBUG org.springframework.test.annotation.ProfileValueUtils - Retrieved @ProfileValueSourceConfiguration [null] for test class [com.crud.tasks.domain.TrelloBoardDtoTest]
21:54:09.139 [Test worker] DEBUG org.springframework.test.annotation.ProfileValueUtils - Retrieved ProfileValueSource type [class org.springframework.test.annotation.SystemProfileValueSource] for class [com.crud.tasks.domain.TrelloBoardDtoTest]
21:54:09.140 [Test worker] DEBUG org.springframework.test.annotation.ProfileValueUtils - Retrieved @ProfileValueSourceConfiguration [null] for test class [com.crud.tasks.domain.TrelloBoardDtoTest]
21:54:09.140 [Test worker] DEBUG org.springframework.test.annotation.ProfileValueUtils - Retrieved ProfileValueSource type [class org.springframework.test.annotation.SystemProfileValueSource] for class [com.crud.tasks.domain.TrelloBoardDtoTest]
21:54:09.145 [Test worker] DEBUG org.springframework.test.context.support.AbstractDirtiesContextTestExecutionListener - Before test class: context [DefaultTestContext@dfb3ec6 testClass = TrelloBoardDtoTest, testInstance = [null], testMethod = [null], testException = [null], mergedContextConfiguration = [WebMergedContextConfiguration@c2647c0 testClass = TrelloBoardDtoTest, locations = '{}', classes = '{class com.crud.tasks.TasksApplication}', contextInitializerClasses = '[]', activeProfiles = '{}', propertySourceLocations = '{}', propertySourceProperties = '{org.springframework.boot.test.context.SpringBootTestContextBootstrapper=true}', contextCustomizers = set[org.springframework.boot.test.autoconfigure.properties.PropertyMappingContextCustomizer@0, org.springframework.boot.test.autoconfigure.web.servlet.WebDriverContextCustomizerFactory$Customizer@1c3bc679, org.springframework.boot.test.context.filter.ExcludeFilterContextCustomizer@472e434a, org.springframework.boot.test.json.DuplicateJsonObjectContextCustomizerFactory$DuplicateJsonObjectContextCustomizer@3571a4b0, org.springframework.boot.test.mock.mockito.MockitoContextCustomizer@0, org.springframework.boot.test.web.client.TestRestTemplateContextCustomizer@d0e5933], resourceBasePath = 'src/main/webapp', contextLoader = 'org.springframework.boot.test.context.SpringBootContextLoader', parent = [null]], attributes = map['org.springframework.test.context.web.ServletTestExecutionListener.activateListener' -> true]], class annotated with @DirtiesContext [false] with mode [null].
21:54:09.146 [Test worker] DEBUG org.springframework.test.annotation.ProfileValueUtils - Retrieved @ProfileValueSourceConfiguration [null] for test class [com.crud.tasks.domain.TrelloBoardDtoTest]
21:54:09.146 [Test worker] DEBUG org.springframework.test.annotation.ProfileValueUtils - Retrieved ProfileValueSource type [class org.springframework.test.annotation.SystemProfileValueSource] for class [com.crud.tasks.domain.TrelloBoardDtoTest]
21:54:09.173 [Test worker] DEBUG org.springframework.test.context.support.TestPropertySourceUtils - Adding inlined properties to environment: {spring.jmx.enabled=false, org.springframework.boot.test.context.SpringBootTestContextBootstrapper=true, server.port=-1}

  .   ____          _            __ _ _
 /\\ / ___'_ __ _ _(_)_ __  __ _ \ \ \ \
( ( )\___ | '_ | '_| | '_ \/ _` | \ \ \ \
 \\/  ___)| |_)| | | | | || (_| |  ) ) ) )
  '  |____| .__|_| |_|_| |_\__, | / / / /
 =========|_|==============|___/=/_/_/_/
 :: Spring Boot ::       (v2.1.14.RELEASE)

2020-08-06 21:54:09.410  INFO 10288 --- [    Test worker] c.crud.tasks.domain.TrelloBoardDtoTest   : Starting TrelloBoardDtoTest on biuropc with PID 10288 (started by Biuro in C:\projekty\Task-Rest-API)
2020-08-06 21:54:09.411  INFO 10288 --- [    Test worker] c.crud.tasks.domain.TrelloBoardDtoTest   : No active profile set, falling back to default profiles: default
2020-08-06 21:54:10.326  INFO 10288 --- [    Test worker] .s.d.r.c.RepositoryConfigurationDelegate : Bootstrapping Spring Data JPA repositories in DEFAULT mode.
2020-08-06 21:54:10.395  INFO 10288 --- [    Test worker] .s.d.r.c.RepositoryConfigurationDelegate : Finished Spring Data repository scanning in 61ms. Found 1 JPA repository interfaces.
2020-08-06 21:54:11.175  INFO 10288 --- [    Test worker] o.hibernate.jpa.internal.util.LogHelper  : HHH000204: Processing PersistenceUnitInfo [
	name: default
	...]
2020-08-06 21:54:11.255  INFO 10288 --- [    Test worker] org.hibernate.Version                    : HHH000412: Hibernate Core {5.3.17.Final}
2020-08-06 21:54:11.257  INFO 10288 --- [    Test worker] org.hibernate.cfg.Environment            : HHH000206: hibernate.properties not found
2020-08-06 21:54:11.398  INFO 10288 --- [    Test worker] o.hibernate.annotations.common.Version   : HCANN000001: Hibernate Commons Annotations {5.0.4.Final}
2020-08-06 21:54:11.547  INFO 10288 --- [    Test worker] com.zaxxer.hikari.HikariDataSource       : HikariPool-1 - Starting...
2020-08-06 21:54:11.713  INFO 10288 --- [    Test worker] com.zaxxer.hikari.HikariDataSource       : HikariPool-1 - Start completed.
2020-08-06 21:54:11.727  INFO 10288 --- [    Test worker] org.hibernate.dialect.Dialect            : HHH000400: Using dialect: org.hibernate.dialect.MySQL5Dialect
2020-08-06 21:54:12.360  INFO 10288 --- [    Test worker] j.LocalContainerEntityManagerFactoryBean : Initialized JPA EntityManagerFactory for persistence unit 'default'
2020-08-06 21:54:13.103  WARN 10288 --- [    Test worker] aWebConfiguration$JpaWebMvcConfiguration : spring.jpa.open-in-view is enabled by default. Therefore, database queries may be performed during view rendering. Explicitly configure spring.jpa.open-in-view to disable this warning
2020-08-06 21:54:13.310  INFO 10288 --- [    Test worker] pertySourcedRequestMappingHandlerMapping : Mapped URL path [/v2/api-docs] onto method [public org.springframework.http.ResponseEntity<springfox.documentation.spring.web.json.Json> springfox.documentation.swagger2.web.Swagger2Controller.getDocumentation(java.lang.String,javax.servlet.http.HttpServletRequest)]
2020-08-06 21:54:13.744  INFO 10288 --- [    Test worker] o.s.s.concurrent.ThreadPoolTaskExecutor  : Initializing ExecutorService 'applicationTaskExecutor'
2020-08-06 21:54:14.009  INFO 10288 --- [    Test worker] o.s.s.c.ThreadPoolTaskScheduler          : Initializing ExecutorService 'taskScheduler'
2020-08-06 21:54:14.062  INFO 10288 --- [    Test worker] d.s.w.p.DocumentationPluginsBootstrapper : Context refreshed
2020-08-06 21:54:14.089  INFO 10288 --- [    Test worker] d.s.w.p.DocumentationPluginsBootstrapper : Found 1 custom documentation plugin(s)
2020-08-06 21:54:14.120  INFO 10288 --- [    Test worker] s.d.s.w.s.ApiListingReferenceScanner     : Scanning for api listing references
2020-08-06 21:54:14.281  INFO 10288 --- [    Test worker] c.crud.tasks.domain.TrelloBoardDtoTest   : Started TrelloBoardDtoTest in 5.096 seconds (JVM running for 6.153)
]]></system-out>
  <system-err><![CDATA[]]></system-err>
</testsuite>
