<?xml version="1.0" encoding="UTF-8"?>
<testsuite name="com.crud.tasks.controller.TrelloControllerTest" tests="3" skipped="0" failures="0" errors="0" timestamp="2020-08-09T14:29:50" hostname="BIUROPC" time="0.019">
  <properties/>
  <testcase name="shouldFetchTrelloBoards" classname="com.crud.tasks.controller.TrelloControllerTest" time="0.008"/>
  <testcase name="shouldFetchEmptyTrelloBoards" classname="com.crud.tasks.controller.TrelloControllerTest" time="0.004"/>
  <testcase name="shouldCreateTrelloCard" classname="com.crud.tasks.controller.TrelloControllerTest" time="0.006"/>
  <system-out><![CDATA[2020-08-09 16:29:49.481  INFO 19136 --- [    Test worker] .b.t.a.w.s.WebMvcTestContextBootstrapper : Neither @ContextConfiguration nor @ContextHierarchy found for test class [com.crud.tasks.controller.TrelloControllerTest], using SpringBootContextLoader
2020-08-09 16:29:49.482  INFO 19136 --- [    Test worker] o.s.t.c.support.AbstractContextLoader    : Could not detect default resource locations for test class [com.crud.tasks.controller.TrelloControllerTest]: no resource found for suffixes {-context.xml, Context.groovy}.
2020-08-09 16:29:49.482  INFO 19136 --- [    Test worker] t.c.s.AnnotationConfigContextLoaderUtils : Could not detect default configuration classes for test class [com.crud.tasks.controller.TrelloControllerTest]: TrelloControllerTest does not declare any static, non-private, non-final, nested classes annotated with @Configuration.
2020-08-09 16:29:49.485  INFO 19136 --- [    Test worker] .b.t.c.SpringBootTestContextBootstrapper : Found @SpringBootConfiguration com.crud.tasks.TasksApplication for test class com.crud.tasks.controller.TrelloControllerTest
2020-08-09 16:29:49.485  INFO 19136 --- [    Test worker] .b.t.a.w.s.WebMvcTestContextBootstrapper : Loaded default TestExecutionListener class names from location [META-INF/spring.factories]: [org.springframework.boot.test.autoconfigure.restdocs.RestDocsTestExecutionListener, org.springframework.boot.test.autoconfigure.web.client.MockRestServiceServerResetTestExecutionListener, org.springframework.boot.test.autoconfigure.web.servlet.MockMvcPrintOnlyOnFailureTestExecutionListener, org.springframework.boot.test.autoconfigure.web.servlet.WebDriverTestExecutionListener, org.springframework.boot.test.mock.mockito.MockitoTestExecutionListener, org.springframework.boot.test.mock.mockito.ResetMocksTestExecutionListener, org.springframework.test.context.web.ServletTestExecutionListener, org.springframework.test.context.support.DirtiesContextBeforeModesTestExecutionListener, org.springframework.test.context.support.DependencyInjectionTestExecutionListener, org.springframework.test.context.support.DirtiesContextTestExecutionListener, org.springframework.test.context.transaction.TransactionalTestExecutionListener, org.springframework.test.context.jdbc.SqlScriptsTestExecutionListener]
2020-08-09 16:29:49.485  INFO 19136 --- [    Test worker] .b.t.a.w.s.WebMvcTestContextBootstrapper : Using TestExecutionListeners: [org.springframework.test.context.web.ServletTestExecutionListener@237ed4e0, org.springframework.test.context.support.DirtiesContextBeforeModesTestExecutionListener@ea35d4d, org.springframework.boot.test.mock.mockito.MockitoTestExecutionListener@480eed01, org.springframework.boot.test.autoconfigure.SpringBootDependencyInjectionTestExecutionListener@3db5b6ba, org.springframework.test.context.support.DirtiesContextTestExecutionListener@6839ac38, org.springframework.test.context.transaction.TransactionalTestExecutionListener@7ce4cd47, org.springframework.test.context.jdbc.SqlScriptsTestExecutionListener@433d413f, org.springframework.boot.test.autoconfigure.restdocs.RestDocsTestExecutionListener@532d3f84, org.springframework.boot.test.autoconfigure.web.client.MockRestServiceServerResetTestExecutionListener@765011b5, org.springframework.boot.test.autoconfigure.web.servlet.MockMvcPrintOnlyOnFailureTestExecutionListener@2c8474cd, org.springframework.boot.test.autoconfigure.web.servlet.WebDriverTestExecutionListener@599ecdb, org.springframework.boot.test.mock.mockito.ResetMocksTestExecutionListener@3ff232f3]

  .   ____          _            __ _ _
 /\\ / ___'_ __ _ _(_)_ __  __ _ \ \ \ \
( ( )\___ | '_ | '_| | '_ \/ _` | \ \ \ \
 \\/  ___)| |_)| | | | | || (_| |  ) ) ) )
  '  |____| .__|_| |_|_| |_\__, | / / / /
 =========|_|==============|___/=/_/_/_/
 :: Spring Boot ::       (v2.1.14.RELEASE)

2020-08-09 16:29:49.507  INFO 19136 --- [    Test worker] c.c.t.controller.TrelloControllerTest    : Starting TrelloControllerTest on biuropc with PID 19136 (started by Biuro in C:\projekty\Task-Rest-API)
2020-08-09 16:29:49.508  INFO 19136 --- [    Test worker] c.c.t.controller.TrelloControllerTest    : No active profile set, falling back to default profiles: default
2020-08-09 16:29:50.057  INFO 19136 --- [    Test worker] pertySourcedRequestMappingHandlerMapping : Mapped URL path [/v2/api-docs] onto method [public org.springframework.http.ResponseEntity<springfox.documentation.spring.web.json.Json> springfox.documentation.swagger2.web.Swagger2Controller.getDocumentation(java.lang.String,javax.servlet.http.HttpServletRequest)]
2020-08-09 16:29:50.193  INFO 19136 --- [    Test worker] o.s.s.concurrent.ThreadPoolTaskExecutor  : Initializing ExecutorService 'applicationTaskExecutor'
2020-08-09 16:29:50.281  INFO 19136 --- [    Test worker] o.s.b.t.m.w.SpringBootMockServletContext : Initializing Spring TestDispatcherServlet ''
2020-08-09 16:29:50.281  INFO 19136 --- [    Test worker] o.s.t.web.servlet.TestDispatcherServlet  : Initializing Servlet ''
2020-08-09 16:29:50.288  INFO 19136 --- [    Test worker] o.s.t.web.servlet.TestDispatcherServlet  : Completed initialization in 6 ms
2020-08-09 16:29:50.303  INFO 19136 --- [    Test worker] d.s.w.p.DocumentationPluginsBootstrapper : Context refreshed
2020-08-09 16:29:50.304  INFO 19136 --- [    Test worker] d.s.w.p.DocumentationPluginsBootstrapper : Found 1 custom documentation plugin(s)
2020-08-09 16:29:50.309  INFO 19136 --- [    Test worker] s.d.s.w.s.ApiListingReferenceScanner     : Scanning for api listing references
2020-08-09 16:29:50.328  INFO 19136 --- [    Test worker] c.c.t.controller.TrelloControllerTest    : Started TrelloControllerTest in 0.84 seconds (JVM running for 5.054)
]]></system-out>
  <system-err><![CDATA[]]></system-err>
</testsuite>
