<?xml version="1.0" encoding="UTF-8"?>
<testsuite name="com.crud.tasks.mapper.TrelloMapperTestSuite" tests="6" skipped="0" failures="0" errors="0" timestamp="2020-08-06T17:39:27" hostname="BIUROPC" time="0.017">
  <properties/>
  <testcase name="mapToBoardsDtoTest" classname="com.crud.tasks.mapper.TrelloMapperTestSuite" time="0.003"/>
  <testcase name="mapToCardTest" classname="com.crud.tasks.mapper.TrelloMapperTestSuite" time="0.002"/>
  <testcase name="mapToBoardsTest" classname="com.crud.tasks.mapper.TrelloMapperTestSuite" time="0.003"/>
  <testcase name="mapToListTest" classname="com.crud.tasks.mapper.TrelloMapperTestSuite" time="0.002"/>
  <testcase name="mapToListDtoTest" classname="com.crud.tasks.mapper.TrelloMapperTestSuite" time="0.002"/>
  <testcase name="mapToCardDtoTest" classname="com.crud.tasks.mapper.TrelloMapperTestSuite" time="0.002"/>
  <system-out><![CDATA[2020-08-06 19:39:27.359  INFO 14848 --- [    Test worker] .b.t.c.SpringBootTestContextBootstrapper : Neither @ContextConfiguration nor @ContextHierarchy found for test class [com.crud.tasks.mapper.TrelloMapperTestSuite], using SpringBootContextLoader
2020-08-06 19:39:27.360  INFO 14848 --- [    Test worker] o.s.t.c.support.AbstractContextLoader    : Could not detect default resource locations for test class [com.crud.tasks.mapper.TrelloMapperTestSuite]: no resource found for suffixes {-context.xml, Context.groovy}.
2020-08-06 19:39:27.360  INFO 14848 --- [    Test worker] t.c.s.AnnotationConfigContextLoaderUtils : Could not detect default configuration classes for test class [com.crud.tasks.mapper.TrelloMapperTestSuite]: TrelloMapperTestSuite does not declare any static, non-private, non-final, nested classes annotated with @Configuration.
2020-08-06 19:39:27.361  INFO 14848 --- [    Test worker] .b.t.c.SpringBootTestContextBootstrapper : Found @SpringBootConfiguration com.crud.tasks.TasksApplication for test class com.crud.tasks.mapper.TrelloMapperTestSuite
2020-08-06 19:39:27.362  INFO 14848 --- [    Test worker] .b.t.c.SpringBootTestContextBootstrapper : Loaded default TestExecutionListener class names from location [META-INF/spring.factories]: [org.springframework.boot.test.autoconfigure.restdocs.RestDocsTestExecutionListener, org.springframework.boot.test.autoconfigure.web.client.MockRestServiceServerResetTestExecutionListener, org.springframework.boot.test.autoconfigure.web.servlet.MockMvcPrintOnlyOnFailureTestExecutionListener, org.springframework.boot.test.autoconfigure.web.servlet.WebDriverTestExecutionListener, org.springframework.boot.test.mock.mockito.MockitoTestExecutionListener, org.springframework.boot.test.mock.mockito.ResetMocksTestExecutionListener, org.springframework.test.context.web.ServletTestExecutionListener, org.springframework.test.context.support.DirtiesContextBeforeModesTestExecutionListener, org.springframework.test.context.support.DependencyInjectionTestExecutionListener, org.springframework.test.context.support.DirtiesContextTestExecutionListener, org.springframework.test.context.transaction.TransactionalTestExecutionListener, org.springframework.test.context.jdbc.SqlScriptsTestExecutionListener]
2020-08-06 19:39:27.362  INFO 14848 --- [    Test worker] .b.t.c.SpringBootTestContextBootstrapper : Using TestExecutionListeners: [org.springframework.test.context.web.ServletTestExecutionListener@20c18b7e, org.springframework.test.context.support.DirtiesContextBeforeModesTestExecutionListener@2161a0de, org.springframework.boot.test.mock.mockito.MockitoTestExecutionListener@47748c4b, org.springframework.boot.test.autoconfigure.SpringBootDependencyInjectionTestExecutionListener@4513eb3e, org.springframework.test.context.support.DirtiesContextTestExecutionListener@69a51299, org.springframework.test.context.transaction.TransactionalTestExecutionListener@45ee3823, org.springframework.test.context.jdbc.SqlScriptsTestExecutionListener@261be201, org.springframework.boot.test.autoconfigure.restdocs.RestDocsTestExecutionListener@7c0bb7e7, org.springframework.boot.test.autoconfigure.web.client.MockRestServiceServerResetTestExecutionListener@3dfb5325, org.springframework.boot.test.autoconfigure.web.servlet.MockMvcPrintOnlyOnFailureTestExecutionListener@9604b99, org.springframework.boot.test.autoconfigure.web.servlet.WebDriverTestExecutionListener@7092ab5e, org.springframework.boot.test.mock.mockito.ResetMocksTestExecutionListener@51078e24]
]]></system-out>
  <system-err><![CDATA[]]></system-err>
</testsuite>
