<?xml version="1.0" encoding="UTF-8"?>
<testsuite name="com.crud.tasks.service.SimpleEmailServiceTest" tests="1" skipped="0" failures="0" errors="0" timestamp="2020-06-13T15:35:15" hostname="BIUROPC" time="0.019">
  <properties/>
  <testcase name="shouldSendEmail" classname="com.crud.tasks.service.SimpleEmailServiceTest" time="0.019"/>
  <system-out><![CDATA[17:35:15.297 [Test worker] INFO org.springframework.mail.SimpleMailMessage - Starting email preparation...
17:35:15.307 [Test worker] INFO org.springframework.mail.SimpleMailMessage - Email has been sent.
]]></system-out>
  <system-err><![CDATA[]]></system-err>
</testsuite>
