<?xml version="1.0" encoding="UTF-8"?>
<testsuite name="com.crud.tasks.TasksApplicationTests" tests="1" skipped="0" failures="0" errors="0" timestamp="2020-08-06T17:39:27" hostname="BIUROPC" time="0.002">
  <properties/>
  <testcase name="contextLoads" classname="com.crud.tasks.TasksApplicationTests" time="0.002"/>
  <system-out><![CDATA[2020-08-06 19:39:27.491  INFO 14848 --- [    Test worker] .b.t.c.SpringBootTestContextBootstrapper : Neither @ContextConfiguration nor @ContextHierarchy found for test class [com.crud.tasks.TasksApplicationTests], using SpringBootContextLoader
2020-08-06 19:39:27.491  INFO 14848 --- [    Test worker] o.s.t.c.support.AbstractContextLoader    : Could not detect default resource locations for test class [com.crud.tasks.TasksApplicationTests]: no resource found for suffixes {-context.xml, Context.groovy}.
2020-08-06 19:39:27.491  INFO 14848 --- [    Test worker] t.c.s.AnnotationConfigContextLoaderUtils : Could not detect default configuration classes for test class [com.crud.tasks.TasksApplicationTests]: TasksApplicationTests does not declare any static, non-private, non-final, nested classes annotated with @Configuration.
2020-08-06 19:39:27.494  INFO 14848 --- [    Test worker] .b.t.c.SpringBootTestContextBootstrapper : Found @SpringBootConfiguration com.crud.tasks.TasksApplication for test class com.crud.tasks.TasksApplicationTests
2020-08-06 19:39:27.496  INFO 14848 --- [    Test worker] .b.t.c.SpringBootTestContextBootstrapper : Loaded default TestExecutionListener class names from location [META-INF/spring.factories]: [org.springframework.boot.test.autoconfigure.restdocs.RestDocsTestExecutionListener, org.springframework.boot.test.autoconfigure.web.client.MockRestServiceServerResetTestExecutionListener, org.springframework.boot.test.autoconfigure.web.servlet.MockMvcPrintOnlyOnFailureTestExecutionListener, org.springframework.boot.test.autoconfigure.web.servlet.WebDriverTestExecutionListener, org.springframework.boot.test.mock.mockito.MockitoTestExecutionListener, org.springframework.boot.test.mock.mockito.ResetMocksTestExecutionListener, org.springframework.test.context.web.ServletTestExecutionListener, org.springframework.test.context.support.DirtiesContextBeforeModesTestExecutionListener, org.springframework.test.context.support.DependencyInjectionTestExecutionListener, org.springframework.test.context.support.DirtiesContextTestExecutionListener, org.springframework.test.context.transaction.TransactionalTestExecutionListener, org.springframework.test.context.jdbc.SqlScriptsTestExecutionListener]
2020-08-06 19:39:27.496  INFO 14848 --- [    Test worker] .b.t.c.SpringBootTestContextBootstrapper : Using TestExecutionListeners: [org.springframework.test.context.web.ServletTestExecutionListener@29c89d1d, org.springframework.test.context.support.DirtiesContextBeforeModesTestExecutionListener@3843ef06, org.springframework.boot.test.mock.mockito.MockitoTestExecutionListener@34e06517, org.springframework.boot.test.autoconfigure.SpringBootDependencyInjectionTestExecutionListener@18e8b0e1, org.springframework.test.context.support.DirtiesContextTestExecutionListener@7525f694, org.springframework.test.context.transaction.TransactionalTestExecutionListener@52b91ce9, org.springframework.test.context.jdbc.SqlScriptsTestExecutionListener@65c61374, org.springframework.boot.test.autoconfigure.restdocs.RestDocsTestExecutionListener@3874c895, org.springframework.boot.test.autoconfigure.web.client.MockRestServiceServerResetTestExecutionListener@62bf1859, org.springframework.boot.test.autoconfigure.web.servlet.MockMvcPrintOnlyOnFailureTestExecutionListener@78fb0eb3, org.springframework.boot.test.autoconfigure.web.servlet.WebDriverTestExecutionListener@2df3ff6b, org.springframework.boot.test.mock.mockito.ResetMocksTestExecutionListener@33ddba20]
]]></system-out>
  <system-err><![CDATA[]]></system-err>
</testsuite>
