<?xml version="1.0" encoding="UTF-8"?>
<testsuite name="com.crud.tasks.mapper.TrelloMapperTestSuite" tests="6" skipped="0" failures="0" errors="0" timestamp="2020-08-10T16:07:59" hostname="BIUROPC" time="0.022">
  <properties/>
  <testcase name="mapToBoardsDtoTest" classname="com.crud.tasks.mapper.TrelloMapperTestSuite" time="0.003"/>
  <testcase name="mapToCardTest" classname="com.crud.tasks.mapper.TrelloMapperTestSuite" time="0.002"/>
  <testcase name="mapToBoardsTest" classname="com.crud.tasks.mapper.TrelloMapperTestSuite" time="0.003"/>
  <testcase name="mapToListTest" classname="com.crud.tasks.mapper.TrelloMapperTestSuite" time="0.003"/>
  <testcase name="mapToListDtoTest" classname="com.crud.tasks.mapper.TrelloMapperTestSuite" time="0.004"/>
  <testcase name="mapToCardDtoTest" classname="com.crud.tasks.mapper.TrelloMapperTestSuite" time="0.003"/>
  <system-out><![CDATA[2020-08-10 18:07:59.613  INFO 1368 --- [    Test worker] .b.t.c.SpringBootTestContextBootstrapper : Neither @ContextConfiguration nor @ContextHierarchy found for test class [com.crud.tasks.mapper.TrelloMapperTestSuite], using SpringBootContextLoader
2020-08-10 18:07:59.613  INFO 1368 --- [    Test worker] o.s.t.c.support.AbstractContextLoader    : Could not detect default resource locations for test class [com.crud.tasks.mapper.TrelloMapperTestSuite]: no resource found for suffixes {-context.xml, Context.groovy}.
2020-08-10 18:07:59.613  INFO 1368 --- [    Test worker] t.c.s.AnnotationConfigContextLoaderUtils : Could not detect default configuration classes for test class [com.crud.tasks.mapper.TrelloMapperTestSuite]: TrelloMapperTestSuite does not declare any static, non-private, non-final, nested classes annotated with @Configuration.
2020-08-10 18:07:59.614  INFO 1368 --- [    Test worker] .b.t.c.SpringBootTestContextBootstrapper : Found @SpringBootConfiguration com.crud.tasks.TasksApplication for test class com.crud.tasks.mapper.TrelloMapperTestSuite
2020-08-10 18:07:59.616  INFO 1368 --- [    Test worker] .b.t.c.SpringBootTestContextBootstrapper : Loaded default TestExecutionListener class names from location [META-INF/spring.factories]: [org.springframework.boot.test.autoconfigure.restdocs.RestDocsTestExecutionListener, org.springframework.boot.test.autoconfigure.web.client.MockRestServiceServerResetTestExecutionListener, org.springframework.boot.test.autoconfigure.web.servlet.MockMvcPrintOnlyOnFailureTestExecutionListener, org.springframework.boot.test.autoconfigure.web.servlet.WebDriverTestExecutionListener, org.springframework.boot.test.mock.mockito.MockitoTestExecutionListener, org.springframework.boot.test.mock.mockito.ResetMocksTestExecutionListener, org.springframework.test.context.web.ServletTestExecutionListener, org.springframework.test.context.support.DirtiesContextBeforeModesTestExecutionListener, org.springframework.test.context.support.DependencyInjectionTestExecutionListener, org.springframework.test.context.support.DirtiesContextTestExecutionListener, org.springframework.test.context.transaction.TransactionalTestExecutionListener, org.springframework.test.context.jdbc.SqlScriptsTestExecutionListener]
2020-08-10 18:07:59.616  INFO 1368 --- [    Test worker] .b.t.c.SpringBootTestContextBootstrapper : Using TestExecutionListeners: [org.springframework.test.context.web.ServletTestExecutionListener@892341f, org.springframework.test.context.support.DirtiesContextBeforeModesTestExecutionListener@150e5bfa, org.springframework.boot.test.mock.mockito.MockitoTestExecutionListener@4965aa3e, org.springframework.boot.test.autoconfigure.SpringBootDependencyInjectionTestExecutionListener@1f6509d0, org.springframework.test.context.support.DirtiesContextTestExecutionListener@64ef4ef, org.springframework.test.context.transaction.TransactionalTestExecutionListener@6178ae57, org.springframework.test.context.jdbc.SqlScriptsTestExecutionListener@528dc1c, org.springframework.boot.test.autoconfigure.restdocs.RestDocsTestExecutionListener@32346ee0, org.springframework.boot.test.autoconfigure.web.client.MockRestServiceServerResetTestExecutionListener@43ac1dc5, org.springframework.boot.test.autoconfigure.web.servlet.MockMvcPrintOnlyOnFailureTestExecutionListener@678219f1, org.springframework.boot.test.autoconfigure.web.servlet.WebDriverTestExecutionListener@2489f121, org.springframework.boot.test.mock.mockito.ResetMocksTestExecutionListener@35dbd83e]
]]></system-out>
  <system-err><![CDATA[]]></system-err>
</testsuite>
