<?xml version="1.0" encoding="UTF-8"?>
<testsuite name="com.crud.tasks.mapper.TaskMapperTestSuite" tests="3" skipped="0" failures="0" errors="0" timestamp="2020-08-09T14:29:53" hostname="BIUROPC" time="0.007">
  <properties/>
  <testcase name="mapToTaskDtoTest" classname="com.crud.tasks.mapper.TaskMapperTestSuite" time="0.002"/>
  <testcase name="mapToTaskTest" classname="com.crud.tasks.mapper.TaskMapperTestSuite" time="0.002"/>
  <testcase name="mapToTaskDtoListTest" classname="com.crud.tasks.mapper.TaskMapperTestSuite" time="0.002"/>
  <system-out><![CDATA[2020-08-09 16:29:53.696  INFO 19136 --- [    Test worker] .b.t.c.SpringBootTestContextBootstrapper : Neither @ContextConfiguration nor @ContextHierarchy found for test class [com.crud.tasks.mapper.TaskMapperTestSuite], using SpringBootContextLoader
2020-08-09 16:29:53.696  INFO 19136 --- [    Test worker] o.s.t.c.support.AbstractContextLoader    : Could not detect default resource locations for test class [com.crud.tasks.mapper.TaskMapperTestSuite]: no resource found for suffixes {-context.xml, Context.groovy}.
2020-08-09 16:29:53.696  INFO 19136 --- [    Test worker] t.c.s.AnnotationConfigContextLoaderUtils : Could not detect default configuration classes for test class [com.crud.tasks.mapper.TaskMapperTestSuite]: TaskMapperTestSuite does not declare any static, non-private, non-final, nested classes annotated with @Configuration.
2020-08-09 16:29:53.702  INFO 19136 --- [    Test worker] .b.t.c.SpringBootTestContextBootstrapper : Found @SpringBootConfiguration com.crud.tasks.TasksApplication for test class com.crud.tasks.mapper.TaskMapperTestSuite
2020-08-09 16:29:53.703  INFO 19136 --- [    Test worker] .b.t.c.SpringBootTestContextBootstrapper : Loaded default TestExecutionListener class names from location [META-INF/spring.factories]: [org.springframework.boot.test.autoconfigure.restdocs.RestDocsTestExecutionListener, org.springframework.boot.test.autoconfigure.web.client.MockRestServiceServerResetTestExecutionListener, org.springframework.boot.test.autoconfigure.web.servlet.MockMvcPrintOnlyOnFailureTestExecutionListener, org.springframework.boot.test.autoconfigure.web.servlet.WebDriverTestExecutionListener, org.springframework.boot.test.mock.mockito.MockitoTestExecutionListener, org.springframework.boot.test.mock.mockito.ResetMocksTestExecutionListener, org.springframework.test.context.web.ServletTestExecutionListener, org.springframework.test.context.support.DirtiesContextBeforeModesTestExecutionListener, org.springframework.test.context.support.DependencyInjectionTestExecutionListener, org.springframework.test.context.support.DirtiesContextTestExecutionListener, org.springframework.test.context.transaction.TransactionalTestExecutionListener, org.springframework.test.context.jdbc.SqlScriptsTestExecutionListener]
2020-08-09 16:29:53.704  INFO 19136 --- [    Test worker] .b.t.c.SpringBootTestContextBootstrapper : Using TestExecutionListeners: [org.springframework.test.context.web.ServletTestExecutionListener@6c31d6c9, org.springframework.test.context.support.DirtiesContextBeforeModesTestExecutionListener@51606290, org.springframework.boot.test.mock.mockito.MockitoTestExecutionListener@31fc8548, org.springframework.boot.test.autoconfigure.SpringBootDependencyInjectionTestExecutionListener@21ee0629, org.springframework.test.context.support.DirtiesContextTestExecutionListener@438b0b43, org.springframework.test.context.transaction.TransactionalTestExecutionListener@112d9540, org.springframework.test.context.jdbc.SqlScriptsTestExecutionListener@44ae94e8, org.springframework.boot.test.autoconfigure.restdocs.RestDocsTestExecutionListener@15a01d1a, org.springframework.boot.test.autoconfigure.web.client.MockRestServiceServerResetTestExecutionListener@e6addfe, org.springframework.boot.test.autoconfigure.web.servlet.MockMvcPrintOnlyOnFailureTestExecutionListener@7310cee6, org.springframework.boot.test.autoconfigure.web.servlet.WebDriverTestExecutionListener@43a90db8, org.springframework.boot.test.mock.mockito.ResetMocksTestExecutionListener@56f4801a]
]]></system-out>
  <system-err><![CDATA[]]></system-err>
</testsuite>
