<?xml version="1.0" encoding="UTF-8"?>
<testsuite name="com.crud.tasks.trello.service.DbServiceTestSuite" tests="3" skipped="0" failures="0" errors="0" timestamp="2020-08-06T17:39:27" hostname="BIUROPC" time="0.001">
  <properties/>
  <testcase name="getAllTasksTest" classname="com.crud.tasks.trello.service.DbServiceTestSuite" time="0.0"/>
  <testcase name="saveTaskTest" classname="com.crud.tasks.trello.service.DbServiceTestSuite" time="0.0"/>
  <testcase name="deleteTaskTest" classname="com.crud.tasks.trello.service.DbServiceTestSuite" time="0.0"/>
  <system-out><![CDATA[]]></system-out>
  <system-err><![CDATA[]]></system-err>
</testsuite>
