<?xml version="1.0" encoding="UTF-8"?>
<testsuite name="com.crud.tasks.mapper.TrelloMapperTestSuite" tests="6" skipped="0" failures="0" errors="0" timestamp="2020-08-05T19:06:31" hostname="BIUROPC" time="0.046">
  <properties/>
  <testcase name="mapToBoardsDtoTest" classname="com.crud.tasks.mapper.TrelloMapperTestSuite" time="0.034"/>
  <testcase name="mapToCardTest" classname="com.crud.tasks.mapper.TrelloMapperTestSuite" time="0.002"/>
  <testcase name="mapToBoardsTest" classname="com.crud.tasks.mapper.TrelloMapperTestSuite" time="0.003"/>
  <testcase name="mapToListTest" classname="com.crud.tasks.mapper.TrelloMapperTestSuite" time="0.002"/>
  <testcase name="mapToListDtoTest" classname="com.crud.tasks.mapper.TrelloMapperTestSuite" time="0.002"/>
  <testcase name="mapToCardDtoTest" classname="com.crud.tasks.mapper.TrelloMapperTestSuite" time="0.002"/>
  <system-out><![CDATA[21:06:27.882 [Test worker] DEBUG org.springframework.test.context.junit4.SpringJUnit4ClassRunner - SpringJUnit4ClassRunner constructor called with [class com.crud.tasks.mapper.TrelloMapperTestSuite]
21:06:27.887 [Test worker] DEBUG org.springframework.test.context.BootstrapUtils - Instantiating CacheAwareContextLoaderDelegate from class [org.springframework.test.context.cache.DefaultCacheAwareContextLoaderDelegate]
21:06:27.893 [Test worker] DEBUG org.springframework.test.context.BootstrapUtils - Instantiating BootstrapContext using constructor [public org.springframework.test.context.support.DefaultBootstrapContext(java.lang.Class,org.springframework.test.context.CacheAwareContextLoaderDelegate)]
21:06:27.906 [Test worker] DEBUG org.springframework.test.context.BootstrapUtils - Instantiating TestContextBootstrapper for test class [com.crud.tasks.mapper.TrelloMapperTestSuite] from class [org.springframework.boot.test.context.SpringBootTestContextBootstrapper]
21:06:27.916 [Test worker] INFO org.springframework.boot.test.context.SpringBootTestContextBootstrapper - Neither @ContextConfiguration nor @ContextHierarchy found for test class [com.crud.tasks.mapper.TrelloMapperTestSuite], using SpringBootContextLoader
21:06:27.918 [Test worker] DEBUG org.springframework.test.context.support.AbstractContextLoader - Did not detect default resource location for test class [com.crud.tasks.mapper.TrelloMapperTestSuite]: class path resource [com/crud/tasks/mapper/TrelloMapperTestSuite-context.xml] does not exist
21:06:27.918 [Test worker] DEBUG org.springframework.test.context.support.AbstractContextLoader - Did not detect default resource location for test class [com.crud.tasks.mapper.TrelloMapperTestSuite]: class path resource [com/crud/tasks/mapper/TrelloMapperTestSuiteContext.groovy] does not exist
21:06:27.918 [Test worker] INFO org.springframework.test.context.support.AbstractContextLoader - Could not detect default resource locations for test class [com.crud.tasks.mapper.TrelloMapperTestSuite]: no resource found for suffixes {-context.xml, Context.groovy}.
21:06:27.919 [Test worker] INFO org.springframework.test.context.support.AnnotationConfigContextLoaderUtils - Could not detect default configuration classes for test class [com.crud.tasks.mapper.TrelloMapperTestSuite]: TrelloMapperTestSuite does not declare any static, non-private, non-final, nested classes annotated with @Configuration.
21:06:27.949 [Test worker] DEBUG org.springframework.test.context.support.ActiveProfilesUtils - Could not find an 'annotation declaring class' for annotation type [org.springframework.test.context.ActiveProfiles] and class [com.crud.tasks.mapper.TrelloMapperTestSuite]
21:06:28.000 [Test worker] DEBUG org.springframework.context.annotation.ClassPathScanningCandidateComponentProvider - Identified candidate component class: file [C:\projekty\Task-Rest-API\build\classes\java\main\com\crud\tasks\TasksApplication.class]
21:06:28.001 [Test worker] INFO org.springframework.boot.test.context.SpringBootTestContextBootstrapper - Found @SpringBootConfiguration com.crud.tasks.TasksApplication for test class com.crud.tasks.mapper.TrelloMapperTestSuite
21:06:28.072 [Test worker] DEBUG org.springframework.boot.test.context.SpringBootTestContextBootstrapper - @TestExecutionListeners is not present for class [com.crud.tasks.mapper.TrelloMapperTestSuite]: using defaults.
21:06:28.073 [Test worker] INFO org.springframework.boot.test.context.SpringBootTestContextBootstrapper - Loaded default TestExecutionListener class names from location [META-INF/spring.factories]: [org.springframework.boot.test.autoconfigure.restdocs.RestDocsTestExecutionListener, org.springframework.boot.test.autoconfigure.web.client.MockRestServiceServerResetTestExecutionListener, org.springframework.boot.test.autoconfigure.web.servlet.MockMvcPrintOnlyOnFailureTestExecutionListener, org.springframework.boot.test.autoconfigure.web.servlet.WebDriverTestExecutionListener, org.springframework.boot.test.mock.mockito.MockitoTestExecutionListener, org.springframework.boot.test.mock.mockito.ResetMocksTestExecutionListener, org.springframework.test.context.web.ServletTestExecutionListener, org.springframework.test.context.support.DirtiesContextBeforeModesTestExecutionListener, org.springframework.test.context.support.DependencyInjectionTestExecutionListener, org.springframework.test.context.support.DirtiesContextTestExecutionListener, org.springframework.test.context.transaction.TransactionalTestExecutionListener, org.springframework.test.context.jdbc.SqlScriptsTestExecutionListener]
21:06:28.087 [Test worker] INFO org.springframework.boot.test.context.SpringBootTestContextBootstrapper - Using TestExecutionListeners: [org.springframework.test.context.web.ServletTestExecutionListener@2eef19a3, org.springframework.test.context.support.DirtiesContextBeforeModesTestExecutionListener@42a11ad2, org.springframework.boot.test.mock.mockito.MockitoTestExecutionListener@a7cad51, org.springframework.boot.test.autoconfigure.SpringBootDependencyInjectionTestExecutionListener@40ef0a14, org.springframework.test.context.support.DirtiesContextTestExecutionListener@161b21ab, org.springframework.test.context.transaction.TransactionalTestExecutionListener@5ca6ce30, org.springframework.test.context.jdbc.SqlScriptsTestExecutionListener@335ff6d0, org.springframework.boot.test.autoconfigure.restdocs.RestDocsTestExecutionListener@bd8f505, org.springframework.boot.test.autoconfigure.web.client.MockRestServiceServerResetTestExecutionListener@44818bac, org.springframework.boot.test.autoconfigure.web.servlet.MockMvcPrintOnlyOnFailureTestExecutionListener@2e3c0a42, org.springframework.boot.test.autoconfigure.web.servlet.WebDriverTestExecutionListener@62998023, org.springframework.boot.test.mock.mockito.ResetMocksTestExecutionListener@2ea531a8]
21:06:28.089 [Test worker] DEBUG org.springframework.test.annotation.ProfileValueUtils - Retrieved @ProfileValueSourceConfiguration [null] for test class [com.crud.tasks.mapper.TrelloMapperTestSuite]
21:06:28.090 [Test worker] DEBUG org.springframework.test.annotation.ProfileValueUtils - Retrieved ProfileValueSource type [class org.springframework.test.annotation.SystemProfileValueSource] for class [com.crud.tasks.mapper.TrelloMapperTestSuite]
21:06:28.091 [Test worker] DEBUG org.springframework.test.annotation.ProfileValueUtils - Retrieved @ProfileValueSourceConfiguration [null] for test class [com.crud.tasks.mapper.TrelloMapperTestSuite]
21:06:28.091 [Test worker] DEBUG org.springframework.test.annotation.ProfileValueUtils - Retrieved ProfileValueSource type [class org.springframework.test.annotation.SystemProfileValueSource] for class [com.crud.tasks.mapper.TrelloMapperTestSuite]
21:06:28.092 [Test worker] DEBUG org.springframework.test.annotation.ProfileValueUtils - Retrieved @ProfileValueSourceConfiguration [null] for test class [com.crud.tasks.mapper.TrelloMapperTestSuite]
21:06:28.092 [Test worker] DEBUG org.springframework.test.annotation.ProfileValueUtils - Retrieved ProfileValueSource type [class org.springframework.test.annotation.SystemProfileValueSource] for class [com.crud.tasks.mapper.TrelloMapperTestSuite]
21:06:28.095 [Test worker] DEBUG org.springframework.test.context.support.AbstractDirtiesContextTestExecutionListener - Before test class: context [DefaultTestContext@4626121 testClass = TrelloMapperTestSuite, testInstance = [null], testMethod = [null], testException = [null], mergedContextConfiguration = [WebMergedContextConfiguration@691c69e8 testClass = TrelloMapperTestSuite, locations = '{}', classes = '{class com.crud.tasks.TasksApplication}', contextInitializerClasses = '[]', activeProfiles = '{}', propertySourceLocations = '{}', propertySourceProperties = '{org.springframework.boot.test.context.SpringBootTestContextBootstrapper=true}', contextCustomizers = set[org.springframework.boot.test.autoconfigure.properties.PropertyMappingContextCustomizer@0, org.springframework.boot.test.autoconfigure.web.servlet.WebDriverContextCustomizerFactory$Customizer@45b345c2, org.springframework.boot.test.context.filter.ExcludeFilterContextCustomizer@6832b10, org.springframework.boot.test.json.DuplicateJsonObjectContextCustomizerFactory$DuplicateJsonObjectContextCustomizer@e4ec5a3, org.springframework.boot.test.mock.mockito.MockitoContextCustomizer@0, org.springframework.boot.test.web.client.TestRestTemplateContextCustomizer@3389b7d7], resourceBasePath = 'src/main/webapp', contextLoader = 'org.springframework.boot.test.context.SpringBootContextLoader', parent = [null]], attributes = map['org.springframework.test.context.web.ServletTestExecutionListener.activateListener' -> true]], class annotated with @DirtiesContext [false] with mode [null].
21:06:28.095 [Test worker] DEBUG org.springframework.test.annotation.ProfileValueUtils - Retrieved @ProfileValueSourceConfiguration [null] for test class [com.crud.tasks.mapper.TrelloMapperTestSuite]
21:06:28.095 [Test worker] DEBUG org.springframework.test.annotation.ProfileValueUtils - Retrieved ProfileValueSource type [class org.springframework.test.annotation.SystemProfileValueSource] for class [com.crud.tasks.mapper.TrelloMapperTestSuite]
21:06:28.110 [Test worker] DEBUG org.springframework.test.context.support.TestPropertySourceUtils - Adding inlined properties to environment: {spring.jmx.enabled=false, org.springframework.boot.test.context.SpringBootTestContextBootstrapper=true, server.port=-1}

  .   ____          _            __ _ _
 /\\ / ___'_ __ _ _(_)_ __  __ _ \ \ \ \
( ( )\___ | '_ | '_| | '_ \/ _` | \ \ \ \
 \\/  ___)| |_)| | | | | || (_| |  ) ) ) )
  '  |____| .__|_| |_|_| |_\__, | / / / /
 =========|_|==============|___/=/_/_/_/
 :: Spring Boot ::       (v2.1.14.RELEASE)

2020-08-05 21:06:28.268  INFO 11396 --- [    Test worker] c.c.tasks.mapper.TrelloMapperTestSuite   : Starting TrelloMapperTestSuite on biuropc with PID 11396 (started by Biuro in C:\projekty\Task-Rest-API)
2020-08-05 21:06:28.269  INFO 11396 --- [    Test worker] c.c.tasks.mapper.TrelloMapperTestSuite   : No active profile set, falling back to default profiles: default
2020-08-05 21:06:28.817  INFO 11396 --- [    Test worker] .s.d.r.c.RepositoryConfigurationDelegate : Bootstrapping Spring Data JPA repositories in DEFAULT mode.
2020-08-05 21:06:28.863  INFO 11396 --- [    Test worker] .s.d.r.c.RepositoryConfigurationDelegate : Finished Spring Data repository scanning in 40ms. Found 1 JPA repository interfaces.
2020-08-05 21:06:29.365  INFO 11396 --- [    Test worker] o.hibernate.jpa.internal.util.LogHelper  : HHH000204: Processing PersistenceUnitInfo [
	name: default
	...]
2020-08-05 21:06:29.414  INFO 11396 --- [    Test worker] org.hibernate.Version                    : HHH000412: Hibernate Core {5.3.17.Final}
2020-08-05 21:06:29.415  INFO 11396 --- [    Test worker] org.hibernate.cfg.Environment            : HHH000206: hibernate.properties not found
2020-08-05 21:06:29.523  INFO 11396 --- [    Test worker] o.hibernate.annotations.common.Version   : HCANN000001: Hibernate Commons Annotations {5.0.4.Final}
2020-08-05 21:06:29.619  INFO 11396 --- [    Test worker] com.zaxxer.hikari.HikariDataSource       : HikariPool-1 - Starting...
2020-08-05 21:06:29.721  INFO 11396 --- [    Test worker] com.zaxxer.hikari.HikariDataSource       : HikariPool-1 - Start completed.
2020-08-05 21:06:29.731  INFO 11396 --- [    Test worker] org.hibernate.dialect.Dialect            : HHH000400: Using dialect: org.hibernate.dialect.MySQL5Dialect
2020-08-05 21:06:30.176  INFO 11396 --- [    Test worker] j.LocalContainerEntityManagerFactoryBean : Initialized JPA EntityManagerFactory for persistence unit 'default'
2020-08-05 21:06:30.642  WARN 11396 --- [    Test worker] aWebConfiguration$JpaWebMvcConfiguration : spring.jpa.open-in-view is enabled by default. Therefore, database queries may be performed during view rendering. Explicitly configure spring.jpa.open-in-view to disable this warning
2020-08-05 21:06:30.813  INFO 11396 --- [    Test worker] pertySourcedRequestMappingHandlerMapping : Mapped URL path [/v2/api-docs] onto method [public org.springframework.http.ResponseEntity<springfox.documentation.spring.web.json.Json> springfox.documentation.swagger2.web.Swagger2Controller.getDocumentation(java.lang.String,javax.servlet.http.HttpServletRequest)]
2020-08-05 21:06:31.134  INFO 11396 --- [    Test worker] o.s.s.concurrent.ThreadPoolTaskExecutor  : Initializing ExecutorService 'applicationTaskExecutor'
2020-08-05 21:06:31.450  INFO 11396 --- [    Test worker] o.s.s.c.ThreadPoolTaskScheduler          : Initializing ExecutorService 'taskScheduler'
2020-08-05 21:06:31.498  INFO 11396 --- [    Test worker] d.s.w.p.DocumentationPluginsBootstrapper : Context refreshed
2020-08-05 21:06:31.517  INFO 11396 --- [    Test worker] d.s.w.p.DocumentationPluginsBootstrapper : Found 1 custom documentation plugin(s)
2020-08-05 21:06:31.540  INFO 11396 --- [    Test worker] s.d.s.w.s.ApiListingReferenceScanner     : Scanning for api listing references
2020-08-05 21:06:31.664  INFO 11396 --- [    Test worker] c.c.tasks.mapper.TrelloMapperTestSuite   : Started TrelloMapperTestSuite in 3.547 seconds (JVM running for 4.221)
]]></system-out>
  <system-err><![CDATA[]]></system-err>
</testsuite>
