<?xml version="1.0" encoding="UTF-8"?>
<testsuite name="com.crud.tasks.TasksApplicationTests" tests="1" skipped="0" failures="0" errors="0" timestamp="2020-08-06T19:54:14" hostname="BIUROPC" time="0.002">
  <properties/>
  <testcase name="contextLoads" classname="com.crud.tasks.TasksApplicationTests" time="0.002"/>
  <system-out><![CDATA[2020-08-06 21:54:14.574  INFO 10288 --- [    Test worker] .b.t.c.SpringBootTestContextBootstrapper : Neither @ContextConfiguration nor @ContextHierarchy found for test class [com.crud.tasks.TasksApplicationTests], using SpringBootContextLoader
2020-08-06 21:54:14.575  INFO 10288 --- [    Test worker] o.s.t.c.support.AbstractContextLoader    : Could not detect default resource locations for test class [com.crud.tasks.TasksApplicationTests]: no resource found for suffixes {-context.xml, Context.groovy}.
2020-08-06 21:54:14.575  INFO 10288 --- [    Test worker] t.c.s.AnnotationConfigContextLoaderUtils : Could not detect default configuration classes for test class [com.crud.tasks.TasksApplicationTests]: TasksApplicationTests does not declare any static, non-private, non-final, nested classes annotated with @Configuration.
2020-08-06 21:54:14.578  INFO 10288 --- [    Test worker] .b.t.c.SpringBootTestContextBootstrapper : Found @SpringBootConfiguration com.crud.tasks.TasksApplication for test class com.crud.tasks.TasksApplicationTests
2020-08-06 21:54:14.580  INFO 10288 --- [    Test worker] .b.t.c.SpringBootTestContextBootstrapper : Loaded default TestExecutionListener class names from location [META-INF/spring.factories]: [org.springframework.boot.test.autoconfigure.restdocs.RestDocsTestExecutionListener, org.springframework.boot.test.autoconfigure.web.client.MockRestServiceServerResetTestExecutionListener, org.springframework.boot.test.autoconfigure.web.servlet.MockMvcPrintOnlyOnFailureTestExecutionListener, org.springframework.boot.test.autoconfigure.web.servlet.WebDriverTestExecutionListener, org.springframework.boot.test.mock.mockito.MockitoTestExecutionListener, org.springframework.boot.test.mock.mockito.ResetMocksTestExecutionListener, org.springframework.test.context.web.ServletTestExecutionListener, org.springframework.test.context.support.DirtiesContextBeforeModesTestExecutionListener, org.springframework.test.context.support.DependencyInjectionTestExecutionListener, org.springframework.test.context.support.DirtiesContextTestExecutionListener, org.springframework.test.context.transaction.TransactionalTestExecutionListener, org.springframework.test.context.jdbc.SqlScriptsTestExecutionListener]
2020-08-06 21:54:14.580  INFO 10288 --- [    Test worker] .b.t.c.SpringBootTestContextBootstrapper : Using TestExecutionListeners: [org.springframework.test.context.web.ServletTestExecutionListener@455c7f9, org.springframework.test.context.support.DirtiesContextBeforeModesTestExecutionListener@2934a356, org.springframework.boot.test.mock.mockito.MockitoTestExecutionListener@1a3c902c, org.springframework.boot.test.autoconfigure.SpringBootDependencyInjectionTestExecutionListener@3beb4044, org.springframework.test.context.support.DirtiesContextTestExecutionListener@11ab32cf, org.springframework.test.context.transaction.TransactionalTestExecutionListener@1d891dbf, org.springframework.test.context.jdbc.SqlScriptsTestExecutionListener@634a43d2, org.springframework.boot.test.autoconfigure.restdocs.RestDocsTestExecutionListener@242d69f, org.springframework.boot.test.autoconfigure.web.client.MockRestServiceServerResetTestExecutionListener@4ab7a152, org.springframework.boot.test.autoconfigure.web.servlet.MockMvcPrintOnlyOnFailureTestExecutionListener@1f06395e, org.springframework.boot.test.autoconfigure.web.servlet.WebDriverTestExecutionListener@2ee3bdbf, org.springframework.boot.test.mock.mockito.ResetMocksTestExecutionListener@3a0170d2]
]]></system-out>
  <system-err><![CDATA[]]></system-err>
</testsuite>
