<?xml version="1.0" encoding="UTF-8"?>
<testsuite name="com.crud.tasks.service.SimpleEmailServiceTest" tests="2" skipped="0" failures="0" errors="0" timestamp="2020-08-09T14:29:53" hostname="BIUROPC" time="0.001">
  <properties/>
  <testcase name="shouldSendEmail" classname="com.crud.tasks.service.SimpleEmailServiceTest" time="0.001"/>
  <testcase name="createMailMessageTest" classname="com.crud.tasks.service.SimpleEmailServiceTest" time="0.0"/>
  <system-out><![CDATA[2020-08-09 16:29:53.851  INFO 19136 --- [    Test worker] o.s.mail.SimpleMailMessage               : Starting email preparation...
2020-08-09 16:29:53.851  INFO 19136 --- [    Test worker] o.s.mail.SimpleMailMessage               : Email has been sent.
]]></system-out>
  <system-err><![CDATA[]]></system-err>
</testsuite>
