<?xml version="1.0" encoding="UTF-8"?>
<testsuite name="com.crud.tasks.mapper.TrelloMapperTestSuite" tests="6" skipped="0" failures="0" errors="0" timestamp="2020-08-09T14:29:53" hostname="BIUROPC" time="0.016">
  <properties/>
  <testcase name="mapToBoardsDtoTest" classname="com.crud.tasks.mapper.TrelloMapperTestSuite" time="0.002"/>
  <testcase name="mapToCardTest" classname="com.crud.tasks.mapper.TrelloMapperTestSuite" time="0.002"/>
  <testcase name="mapToBoardsTest" classname="com.crud.tasks.mapper.TrelloMapperTestSuite" time="0.003"/>
  <testcase name="mapToListTest" classname="com.crud.tasks.mapper.TrelloMapperTestSuite" time="0.002"/>
  <testcase name="mapToListDtoTest" classname="com.crud.tasks.mapper.TrelloMapperTestSuite" time="0.002"/>
  <testcase name="mapToCardDtoTest" classname="com.crud.tasks.mapper.TrelloMapperTestSuite" time="0.002"/>
  <system-out><![CDATA[2020-08-09 16:29:53.715  INFO 19136 --- [    Test worker] .b.t.c.SpringBootTestContextBootstrapper : Neither @ContextConfiguration nor @ContextHierarchy found for test class [com.crud.tasks.mapper.TrelloMapperTestSuite], using SpringBootContextLoader
2020-08-09 16:29:53.716  INFO 19136 --- [    Test worker] o.s.t.c.support.AbstractContextLoader    : Could not detect default resource locations for test class [com.crud.tasks.mapper.TrelloMapperTestSuite]: no resource found for suffixes {-context.xml, Context.groovy}.
2020-08-09 16:29:53.716  INFO 19136 --- [    Test worker] t.c.s.AnnotationConfigContextLoaderUtils : Could not detect default configuration classes for test class [com.crud.tasks.mapper.TrelloMapperTestSuite]: TrelloMapperTestSuite does not declare any static, non-private, non-final, nested classes annotated with @Configuration.
2020-08-09 16:29:53.717  INFO 19136 --- [    Test worker] .b.t.c.SpringBootTestContextBootstrapper : Found @SpringBootConfiguration com.crud.tasks.TasksApplication for test class com.crud.tasks.mapper.TrelloMapperTestSuite
2020-08-09 16:29:53.718  INFO 19136 --- [    Test worker] .b.t.c.SpringBootTestContextBootstrapper : Loaded default TestExecutionListener class names from location [META-INF/spring.factories]: [org.springframework.boot.test.autoconfigure.restdocs.RestDocsTestExecutionListener, org.springframework.boot.test.autoconfigure.web.client.MockRestServiceServerResetTestExecutionListener, org.springframework.boot.test.autoconfigure.web.servlet.MockMvcPrintOnlyOnFailureTestExecutionListener, org.springframework.boot.test.autoconfigure.web.servlet.WebDriverTestExecutionListener, org.springframework.boot.test.mock.mockito.MockitoTestExecutionListener, org.springframework.boot.test.mock.mockito.ResetMocksTestExecutionListener, org.springframework.test.context.web.ServletTestExecutionListener, org.springframework.test.context.support.DirtiesContextBeforeModesTestExecutionListener, org.springframework.test.context.support.DependencyInjectionTestExecutionListener, org.springframework.test.context.support.DirtiesContextTestExecutionListener, org.springframework.test.context.transaction.TransactionalTestExecutionListener, org.springframework.test.context.jdbc.SqlScriptsTestExecutionListener]
2020-08-09 16:29:53.719  INFO 19136 --- [    Test worker] .b.t.c.SpringBootTestContextBootstrapper : Using TestExecutionListeners: [org.springframework.test.context.web.ServletTestExecutionListener@63c7bace, org.springframework.test.context.support.DirtiesContextBeforeModesTestExecutionListener@3600d812, org.springframework.boot.test.mock.mockito.MockitoTestExecutionListener@2454fe28, org.springframework.boot.test.autoconfigure.SpringBootDependencyInjectionTestExecutionListener@45211a0, org.springframework.test.context.support.DirtiesContextTestExecutionListener@5a1dca2e, org.springframework.test.context.transaction.TransactionalTestExecutionListener@6a6d4937, org.springframework.test.context.jdbc.SqlScriptsTestExecutionListener@69cb4fec, org.springframework.boot.test.autoconfigure.restdocs.RestDocsTestExecutionListener@7d809c64, org.springframework.boot.test.autoconfigure.web.client.MockRestServiceServerResetTestExecutionListener@49786540, org.springframework.boot.test.autoconfigure.web.servlet.MockMvcPrintOnlyOnFailureTestExecutionListener@49dca9a9, org.springframework.boot.test.autoconfigure.web.servlet.WebDriverTestExecutionListener@7adb3b51, org.springframework.boot.test.mock.mockito.ResetMocksTestExecutionListener@3c1fbd2]
]]></system-out>
  <system-err><![CDATA[]]></system-err>
</testsuite>
