<?xml version="1.0" encoding="UTF-8"?>
<testsuite name="com.crud.tasks.TasksApplicationTests" tests="1" skipped="0" failures="0" errors="0" timestamp="2020-08-09T14:29:53" hostname="BIUROPC" time="0.002">
  <properties/>
  <testcase name="contextLoads" classname="com.crud.tasks.TasksApplicationTests" time="0.002"/>
  <system-out><![CDATA[2020-08-09 16:29:53.866  INFO 19136 --- [    Test worker] .b.t.c.SpringBootTestContextBootstrapper : Neither @ContextConfiguration nor @ContextHierarchy found for test class [com.crud.tasks.TasksApplicationTests], using SpringBootContextLoader
2020-08-09 16:29:53.867  INFO 19136 --- [    Test worker] o.s.t.c.support.AbstractContextLoader    : Could not detect default resource locations for test class [com.crud.tasks.TasksApplicationTests]: no resource found for suffixes {-context.xml, Context.groovy}.
2020-08-09 16:29:53.867  INFO 19136 --- [    Test worker] t.c.s.AnnotationConfigContextLoaderUtils : Could not detect default configuration classes for test class [com.crud.tasks.TasksApplicationTests]: TasksApplicationTests does not declare any static, non-private, non-final, nested classes annotated with @Configuration.
2020-08-09 16:29:53.870  INFO 19136 --- [    Test worker] .b.t.c.SpringBootTestContextBootstrapper : Found @SpringBootConfiguration com.crud.tasks.TasksApplication for test class com.crud.tasks.TasksApplicationTests
2020-08-09 16:29:53.871  INFO 19136 --- [    Test worker] .b.t.c.SpringBootTestContextBootstrapper : Loaded default TestExecutionListener class names from location [META-INF/spring.factories]: [org.springframework.boot.test.autoconfigure.restdocs.RestDocsTestExecutionListener, org.springframework.boot.test.autoconfigure.web.client.MockRestServiceServerResetTestExecutionListener, org.springframework.boot.test.autoconfigure.web.servlet.MockMvcPrintOnlyOnFailureTestExecutionListener, org.springframework.boot.test.autoconfigure.web.servlet.WebDriverTestExecutionListener, org.springframework.boot.test.mock.mockito.MockitoTestExecutionListener, org.springframework.boot.test.mock.mockito.ResetMocksTestExecutionListener, org.springframework.test.context.web.ServletTestExecutionListener, org.springframework.test.context.support.DirtiesContextBeforeModesTestExecutionListener, org.springframework.test.context.support.DependencyInjectionTestExecutionListener, org.springframework.test.context.support.DirtiesContextTestExecutionListener, org.springframework.test.context.transaction.TransactionalTestExecutionListener, org.springframework.test.context.jdbc.SqlScriptsTestExecutionListener]
2020-08-09 16:29:53.872  INFO 19136 --- [    Test worker] .b.t.c.SpringBootTestContextBootstrapper : Using TestExecutionListeners: [org.springframework.test.context.web.ServletTestExecutionListener@3b4e55f1, org.springframework.test.context.support.DirtiesContextBeforeModesTestExecutionListener@223accae, org.springframework.boot.test.mock.mockito.MockitoTestExecutionListener@3bceb449, org.springframework.boot.test.autoconfigure.SpringBootDependencyInjectionTestExecutionListener@2cdb448f, org.springframework.test.context.support.DirtiesContextTestExecutionListener@65f37d38, org.springframework.test.context.transaction.TransactionalTestExecutionListener@11d88294, org.springframework.test.context.jdbc.SqlScriptsTestExecutionListener@5ffa001a, org.springframework.boot.test.autoconfigure.restdocs.RestDocsTestExecutionListener@29f3d856, org.springframework.boot.test.autoconfigure.web.client.MockRestServiceServerResetTestExecutionListener@57977aed, org.springframework.boot.test.autoconfigure.web.servlet.MockMvcPrintOnlyOnFailureTestExecutionListener@20e9ea9, org.springframework.boot.test.autoconfigure.web.servlet.WebDriverTestExecutionListener@dfbb422, org.springframework.boot.test.mock.mockito.ResetMocksTestExecutionListener@3a7deca3]
]]></system-out>
  <system-err><![CDATA[]]></system-err>
</testsuite>
