<?xml version="1.0" encoding="UTF-8"?>
<testsuite name="com.crud.tasks.TasksApplicationTests" tests="1" skipped="0" failures="0" errors="0" timestamp="2020-08-10T16:07:59" hostname="BIUROPC" time="0.002">
  <properties/>
  <testcase name="contextLoads" classname="com.crud.tasks.TasksApplicationTests" time="0.002"/>
  <system-out><![CDATA[2020-08-10 18:07:59.762  INFO 1368 --- [    Test worker] .b.t.c.SpringBootTestContextBootstrapper : Neither @ContextConfiguration nor @ContextHierarchy found for test class [com.crud.tasks.TasksApplicationTests], using SpringBootContextLoader
2020-08-10 18:07:59.763  INFO 1368 --- [    Test worker] o.s.t.c.support.AbstractContextLoader    : Could not detect default resource locations for test class [com.crud.tasks.TasksApplicationTests]: no resource found for suffixes {-context.xml, Context.groovy}.
2020-08-10 18:07:59.763  INFO 1368 --- [    Test worker] t.c.s.AnnotationConfigContextLoaderUtils : Could not detect default configuration classes for test class [com.crud.tasks.TasksApplicationTests]: TasksApplicationTests does not declare any static, non-private, non-final, nested classes annotated with @Configuration.
2020-08-10 18:07:59.766  INFO 1368 --- [    Test worker] .b.t.c.SpringBootTestContextBootstrapper : Found @SpringBootConfiguration com.crud.tasks.TasksApplication for test class com.crud.tasks.TasksApplicationTests
2020-08-10 18:07:59.767  INFO 1368 --- [    Test worker] .b.t.c.SpringBootTestContextBootstrapper : Loaded default TestExecutionListener class names from location [META-INF/spring.factories]: [org.springframework.boot.test.autoconfigure.restdocs.RestDocsTestExecutionListener, org.springframework.boot.test.autoconfigure.web.client.MockRestServiceServerResetTestExecutionListener, org.springframework.boot.test.autoconfigure.web.servlet.MockMvcPrintOnlyOnFailureTestExecutionListener, org.springframework.boot.test.autoconfigure.web.servlet.WebDriverTestExecutionListener, org.springframework.boot.test.mock.mockito.MockitoTestExecutionListener, org.springframework.boot.test.mock.mockito.ResetMocksTestExecutionListener, org.springframework.test.context.web.ServletTestExecutionListener, org.springframework.test.context.support.DirtiesContextBeforeModesTestExecutionListener, org.springframework.test.context.support.DependencyInjectionTestExecutionListener, org.springframework.test.context.support.DirtiesContextTestExecutionListener, org.springframework.test.context.transaction.TransactionalTestExecutionListener, org.springframework.test.context.jdbc.SqlScriptsTestExecutionListener]
2020-08-10 18:07:59.767  INFO 1368 --- [    Test worker] .b.t.c.SpringBootTestContextBootstrapper : Using TestExecutionListeners: [org.springframework.test.context.web.ServletTestExecutionListener@52c65747, org.springframework.test.context.support.DirtiesContextBeforeModesTestExecutionListener@4c9af783, org.springframework.boot.test.mock.mockito.MockitoTestExecutionListener@41a8d43c, org.springframework.boot.test.autoconfigure.SpringBootDependencyInjectionTestExecutionListener@33812910, org.springframework.test.context.support.DirtiesContextTestExecutionListener@531d3c48, org.springframework.test.context.transaction.TransactionalTestExecutionListener@48a0ef47, org.springframework.test.context.jdbc.SqlScriptsTestExecutionListener@4faedb5b, org.springframework.boot.test.autoconfigure.restdocs.RestDocsTestExecutionListener@755db217, org.springframework.boot.test.autoconfigure.web.client.MockRestServiceServerResetTestExecutionListener@4f983f88, org.springframework.boot.test.autoconfigure.web.servlet.MockMvcPrintOnlyOnFailureTestExecutionListener@d3beb, org.springframework.boot.test.autoconfigure.web.servlet.WebDriverTestExecutionListener@39404cb2, org.springframework.boot.test.mock.mockito.ResetMocksTestExecutionListener@21158c87]
]]></system-out>
  <system-err><![CDATA[]]></system-err>
</testsuite>
