<?xml version="1.0" encoding="UTF-8"?>
<testsuite name="com.crud.tasks.service.TrelloServiceTestSuite" tests="2" skipped="0" failures="0" errors="0" timestamp="2020-08-09T14:29:53" hostname="BIUROPC" time="0.001">
  <properties/>
  <testcase name="fetchTrelloBoards" classname="com.crud.tasks.service.TrelloServiceTestSuite" time="0.001"/>
  <testcase name="createTrelloCard" classname="com.crud.tasks.service.TrelloServiceTestSuite" time="0.0"/>
  <system-out><![CDATA[]]></system-out>
  <system-err><![CDATA[]]></system-err>
</testsuite>
