<?xml version="1.0" encoding="UTF-8"?>
<testsuite name="com.crud.tasks.trello.validator.TrelloValidatorTest" tests="1" skipped="0" failures="0" errors="0" timestamp="2020-08-09T14:29:54" hostname="BIUROPC" time="0.002">
  <properties/>
  <testcase name="validateTrelloBoardTestSuite" classname="com.crud.tasks.trello.validator.TrelloValidatorTest" time="0.002"/>
  <system-out><![CDATA[2020-08-09 16:29:54.086  INFO 19136 --- [    Test worker] .b.t.c.SpringBootTestContextBootstrapper : Neither @ContextConfiguration nor @ContextHierarchy found for test class [com.crud.tasks.trello.validator.TrelloValidatorTest], using SpringBootContextLoader
2020-08-09 16:29:54.087  INFO 19136 --- [    Test worker] o.s.t.c.support.AbstractContextLoader    : Could not detect default resource locations for test class [com.crud.tasks.trello.validator.TrelloValidatorTest]: no resource found for suffixes {-context.xml, Context.groovy}.
2020-08-09 16:29:54.087  INFO 19136 --- [    Test worker] t.c.s.AnnotationConfigContextLoaderUtils : Could not detect default configuration classes for test class [com.crud.tasks.trello.validator.TrelloValidatorTest]: TrelloValidatorTest does not declare any static, non-private, non-final, nested classes annotated with @Configuration.
2020-08-09 16:29:54.091  INFO 19136 --- [    Test worker] .b.t.c.SpringBootTestContextBootstrapper : Found @SpringBootConfiguration com.crud.tasks.TasksApplication for test class com.crud.tasks.trello.validator.TrelloValidatorTest
2020-08-09 16:29:54.092  INFO 19136 --- [    Test worker] .b.t.c.SpringBootTestContextBootstrapper : Loaded default TestExecutionListener class names from location [META-INF/spring.factories]: [org.springframework.boot.test.autoconfigure.restdocs.RestDocsTestExecutionListener, org.springframework.boot.test.autoconfigure.web.client.MockRestServiceServerResetTestExecutionListener, org.springframework.boot.test.autoconfigure.web.servlet.MockMvcPrintOnlyOnFailureTestExecutionListener, org.springframework.boot.test.autoconfigure.web.servlet.WebDriverTestExecutionListener, org.springframework.boot.test.mock.mockito.MockitoTestExecutionListener, org.springframework.boot.test.mock.mockito.ResetMocksTestExecutionListener, org.springframework.test.context.web.ServletTestExecutionListener, org.springframework.test.context.support.DirtiesContextBeforeModesTestExecutionListener, org.springframework.test.context.support.DependencyInjectionTestExecutionListener, org.springframework.test.context.support.DirtiesContextTestExecutionListener, org.springframework.test.context.transaction.TransactionalTestExecutionListener, org.springframework.test.context.jdbc.SqlScriptsTestExecutionListener]
2020-08-09 16:29:54.093  INFO 19136 --- [    Test worker] .b.t.c.SpringBootTestContextBootstrapper : Using TestExecutionListeners: [org.springframework.test.context.web.ServletTestExecutionListener@125306fa, org.springframework.test.context.support.DirtiesContextBeforeModesTestExecutionListener@4be29c58, org.springframework.boot.test.mock.mockito.MockitoTestExecutionListener@52f0bd03, org.springframework.boot.test.autoconfigure.SpringBootDependencyInjectionTestExecutionListener@605714a1, org.springframework.test.context.support.DirtiesContextTestExecutionListener@6ab9aa87, org.springframework.test.context.transaction.TransactionalTestExecutionListener@3566ebd4, org.springframework.test.context.jdbc.SqlScriptsTestExecutionListener@62a950de, org.springframework.boot.test.autoconfigure.restdocs.RestDocsTestExecutionListener@3a83a236, org.springframework.boot.test.autoconfigure.web.client.MockRestServiceServerResetTestExecutionListener@1d49da73, org.springframework.boot.test.autoconfigure.web.servlet.MockMvcPrintOnlyOnFailureTestExecutionListener@1f73aa45, org.springframework.boot.test.autoconfigure.web.servlet.WebDriverTestExecutionListener@37f426d5, org.springframework.boot.test.mock.mockito.ResetMocksTestExecutionListener@1041b00f]
2020-08-09 16:29:54.095  INFO 19136 --- [    Test worker] c.c.t.trello.validator.TrelloValidator   : Starting filtering boards...
2020-08-09 16:29:54.096  INFO 19136 --- [    Test worker] c.c.t.trello.validator.TrelloValidator   : Boards have been filtered. Current list size: 1
]]></system-out>
  <system-err><![CDATA[]]></system-err>
</testsuite>
