<?xml version="1.0" encoding="UTF-8"?>
<testsuite name="com.crud.tasks.trello.validator.TrelloValidatorTest" tests="1" skipped="0" failures="0" errors="0" timestamp="2020-08-06T17:39:27" hostname="BIUROPC" time="0.003">
  <properties/>
  <testcase name="validateTrelloBoardTestSuite" classname="com.crud.tasks.trello.validator.TrelloValidatorTest" time="0.003"/>
  <system-out><![CDATA[2020-08-06 19:39:27.782  INFO 14848 --- [    Test worker] .b.t.c.SpringBootTestContextBootstrapper : Neither @ContextConfiguration nor @ContextHierarchy found for test class [com.crud.tasks.trello.validator.TrelloValidatorTest], using SpringBootContextLoader
2020-08-06 19:39:27.783  INFO 14848 --- [    Test worker] o.s.t.c.support.AbstractContextLoader    : Could not detect default resource locations for test class [com.crud.tasks.trello.validator.TrelloValidatorTest]: no resource found for suffixes {-context.xml, Context.groovy}.
2020-08-06 19:39:27.783  INFO 14848 --- [    Test worker] t.c.s.AnnotationConfigContextLoaderUtils : Could not detect default configuration classes for test class [com.crud.tasks.trello.validator.TrelloValidatorTest]: TrelloValidatorTest does not declare any static, non-private, non-final, nested classes annotated with @Configuration.
2020-08-06 19:39:27.788  INFO 14848 --- [    Test worker] .b.t.c.SpringBootTestContextBootstrapper : Found @SpringBootConfiguration com.crud.tasks.TasksApplication for test class com.crud.tasks.trello.validator.TrelloValidatorTest
2020-08-06 19:39:27.790  INFO 14848 --- [    Test worker] .b.t.c.SpringBootTestContextBootstrapper : Loaded default TestExecutionListener class names from location [META-INF/spring.factories]: [org.springframework.boot.test.autoconfigure.restdocs.RestDocsTestExecutionListener, org.springframework.boot.test.autoconfigure.web.client.MockRestServiceServerResetTestExecutionListener, org.springframework.boot.test.autoconfigure.web.servlet.MockMvcPrintOnlyOnFailureTestExecutionListener, org.springframework.boot.test.autoconfigure.web.servlet.WebDriverTestExecutionListener, org.springframework.boot.test.mock.mockito.MockitoTestExecutionListener, org.springframework.boot.test.mock.mockito.ResetMocksTestExecutionListener, org.springframework.test.context.web.ServletTestExecutionListener, org.springframework.test.context.support.DirtiesContextBeforeModesTestExecutionListener, org.springframework.test.context.support.DependencyInjectionTestExecutionListener, org.springframework.test.context.support.DirtiesContextTestExecutionListener, org.springframework.test.context.transaction.TransactionalTestExecutionListener, org.springframework.test.context.jdbc.SqlScriptsTestExecutionListener]
2020-08-06 19:39:27.790  INFO 14848 --- [    Test worker] .b.t.c.SpringBootTestContextBootstrapper : Using TestExecutionListeners: [org.springframework.test.context.web.ServletTestExecutionListener@2b5bceea, org.springframework.test.context.support.DirtiesContextBeforeModesTestExecutionListener@56cae2bc, org.springframework.boot.test.mock.mockito.MockitoTestExecutionListener@3443c33b, org.springframework.boot.test.autoconfigure.SpringBootDependencyInjectionTestExecutionListener@6bbb7811, org.springframework.test.context.support.DirtiesContextTestExecutionListener@1ee2d712, org.springframework.test.context.transaction.TransactionalTestExecutionListener@1fbc1970, org.springframework.test.context.jdbc.SqlScriptsTestExecutionListener@354c5ba7, org.springframework.boot.test.autoconfigure.restdocs.RestDocsTestExecutionListener@507c6ef, org.springframework.boot.test.autoconfigure.web.client.MockRestServiceServerResetTestExecutionListener@dd5cb1a, org.springframework.boot.test.autoconfigure.web.servlet.MockMvcPrintOnlyOnFailureTestExecutionListener@725d2449, org.springframework.boot.test.autoconfigure.web.servlet.WebDriverTestExecutionListener@251bc8c6, org.springframework.boot.test.mock.mockito.ResetMocksTestExecutionListener@1e904234]
2020-08-06 19:39:27.793  INFO 14848 --- [    Test worker] c.c.t.trello.validator.TrelloValidator   : Starting filtering boards...
2020-08-06 19:39:27.794  INFO 14848 --- [    Test worker] c.c.t.trello.validator.TrelloValidator   : Boards have been filtered. Current list size: 1
]]></system-out>
  <system-err><![CDATA[]]></system-err>
</testsuite>
