<?xml version="1.0" encoding="UTF-8"?>
<testsuite name="com.crud.tasks.mapper.TrelloMapperTestSuite" tests="6" skipped="0" failures="0" errors="0" timestamp="2020-08-06T19:54:14" hostname="BIUROPC" time="0.019">
  <properties/>
  <testcase name="mapToBoardsDtoTest" classname="com.crud.tasks.mapper.TrelloMapperTestSuite" time="0.003"/>
  <testcase name="mapToCardTest" classname="com.crud.tasks.mapper.TrelloMapperTestSuite" time="0.003"/>
  <testcase name="mapToBoardsTest" classname="com.crud.tasks.mapper.TrelloMapperTestSuite" time="0.003"/>
  <testcase name="mapToListTest" classname="com.crud.tasks.mapper.TrelloMapperTestSuite" time="0.002"/>
  <testcase name="mapToListDtoTest" classname="com.crud.tasks.mapper.TrelloMapperTestSuite" time="0.003"/>
  <testcase name="mapToCardDtoTest" classname="com.crud.tasks.mapper.TrelloMapperTestSuite" time="0.003"/>
  <system-out><![CDATA[2020-08-06 21:54:14.360  INFO 10288 --- [    Test worker] .b.t.c.SpringBootTestContextBootstrapper : Neither @ContextConfiguration nor @ContextHierarchy found for test class [com.crud.tasks.mapper.TrelloMapperTestSuite], using SpringBootContextLoader
2020-08-06 21:54:14.361  INFO 10288 --- [    Test worker] o.s.t.c.support.AbstractContextLoader    : Could not detect default resource locations for test class [com.crud.tasks.mapper.TrelloMapperTestSuite]: no resource found for suffixes {-context.xml, Context.groovy}.
2020-08-06 21:54:14.361  INFO 10288 --- [    Test worker] t.c.s.AnnotationConfigContextLoaderUtils : Could not detect default configuration classes for test class [com.crud.tasks.mapper.TrelloMapperTestSuite]: TrelloMapperTestSuite does not declare any static, non-private, non-final, nested classes annotated with @Configuration.
2020-08-06 21:54:14.362  INFO 10288 --- [    Test worker] .b.t.c.SpringBootTestContextBootstrapper : Found @SpringBootConfiguration com.crud.tasks.TasksApplication for test class com.crud.tasks.mapper.TrelloMapperTestSuite
2020-08-06 21:54:14.363  INFO 10288 --- [    Test worker] .b.t.c.SpringBootTestContextBootstrapper : Loaded default TestExecutionListener class names from location [META-INF/spring.factories]: [org.springframework.boot.test.autoconfigure.restdocs.RestDocsTestExecutionListener, org.springframework.boot.test.autoconfigure.web.client.MockRestServiceServerResetTestExecutionListener, org.springframework.boot.test.autoconfigure.web.servlet.MockMvcPrintOnlyOnFailureTestExecutionListener, org.springframework.boot.test.autoconfigure.web.servlet.WebDriverTestExecutionListener, org.springframework.boot.test.mock.mockito.MockitoTestExecutionListener, org.springframework.boot.test.mock.mockito.ResetMocksTestExecutionListener, org.springframework.test.context.web.ServletTestExecutionListener, org.springframework.test.context.support.DirtiesContextBeforeModesTestExecutionListener, org.springframework.test.context.support.DependencyInjectionTestExecutionListener, org.springframework.test.context.support.DirtiesContextTestExecutionListener, org.springframework.test.context.transaction.TransactionalTestExecutionListener, org.springframework.test.context.jdbc.SqlScriptsTestExecutionListener]
2020-08-06 21:54:14.364  INFO 10288 --- [    Test worker] .b.t.c.SpringBootTestContextBootstrapper : Using TestExecutionListeners: [org.springframework.test.context.web.ServletTestExecutionListener@2ca0d3a6, org.springframework.test.context.support.DirtiesContextBeforeModesTestExecutionListener@7faf7a2f, org.springframework.boot.test.mock.mockito.MockitoTestExecutionListener@386ae93d, org.springframework.boot.test.autoconfigure.SpringBootDependencyInjectionTestExecutionListener@642e057c, org.springframework.test.context.support.DirtiesContextTestExecutionListener@4e39c7bc, org.springframework.test.context.transaction.TransactionalTestExecutionListener@4ac3a256, org.springframework.test.context.jdbc.SqlScriptsTestExecutionListener@258f8932, org.springframework.boot.test.autoconfigure.restdocs.RestDocsTestExecutionListener@311e6d1a, org.springframework.boot.test.autoconfigure.web.client.MockRestServiceServerResetTestExecutionListener@311a58a2, org.springframework.boot.test.autoconfigure.web.servlet.MockMvcPrintOnlyOnFailureTestExecutionListener@669c8dc5, org.springframework.boot.test.autoconfigure.web.servlet.WebDriverTestExecutionListener@3f034e3d, org.springframework.boot.test.mock.mockito.ResetMocksTestExecutionListener@7d37927a]
]]></system-out>
  <system-err><![CDATA[]]></system-err>
</testsuite>
